Epoch: [0][0/43] 	Time 9.727 (9.727)	CE_Loss 4.5739 (4.5739)	SCL_Loss 5.8292 (5.8292)	Prec@1 0.000 (0.000)	loss 12.6453
Best Prec@1: 2.440, Many Prec@1: 0.064, Med Prec@1: 0.000, Few Prec@1: 0.006
Epoch: [1][0/43] 	Time 2.740 (2.740)	CE_Loss 3.9536 (3.9536)	SCL_Loss 4.2787 (4.2787)	Prec@1 0.000 (0.000)	loss 10.4744
Best Prec@1: 3.700, Many Prec@1: 0.077, Med Prec@1: 0.000, Few Prec@1: 0.034
Epoch: [2][0/43] 	Time 2.683 (2.683)	CE_Loss 4.0646 (4.0646)	SCL_Loss 4.1390 (4.1390)	Prec@1 0.000 (0.000)	loss 10.6126
Best Prec@1: 5.490, Many Prec@1: 0.094, Med Prec@1: 0.051, Few Prec@1: 0.013
Epoch: [3][0/43] 	Time 3.421 (3.421)	CE_Loss 3.6845 (3.6845)	SCL_Loss 4.2358 (4.2358)	Prec@1 0.000 (0.000)	loss 9.9105
Best Prec@1: 6.220, Many Prec@1: 0.123, Med Prec@1: 0.031, Few Prec@1: 0.027
Epoch: [4][0/43] 	Time 3.087 (3.087)	CE_Loss 3.7969 (3.7969)	SCL_Loss 4.2087 (4.2087)	Prec@1 0.000 (0.000)	loss 10.1190
Best Prec@1: 7.260, Many Prec@1: 0.147, Med Prec@1: 0.048, Few Prec@1: 0.015
Epoch: [5][0/43] 	Time 3.686 (3.686)	CE_Loss 3.5927 (3.5927)	SCL_Loss 4.2029 (4.2029)	Prec@1 0.000 (0.000)	loss 9.7071
Epoch: [6][0/43] 	Time 3.742 (3.742)	CE_Loss 3.5474 (3.5474)	SCL_Loss 4.1678 (4.1678)	Prec@1 0.000 (0.000)	loss 9.5955
Best Prec@1: 7.490, Many Prec@1: 0.109, Med Prec@1: 0.064, Few Prec@1: 0.049
Epoch: [7][0/43] 	Time 2.990 (2.990)	CE_Loss 3.8966 (3.8966)	SCL_Loss 4.2048 (4.2048)	Prec@1 0.000 (0.000)	loss 10.3161
Best Prec@1: 8.250, Many Prec@1: 0.157, Med Prec@1: 0.041, Few Prec@1: 0.044
Epoch: [8][0/43] 	Time 3.191 (3.191)	CE_Loss 3.5938 (3.5938)	SCL_Loss 4.2655 (4.2655)	Prec@1 0.000 (0.000)	loss 9.7468
Best Prec@1: 11.160, Many Prec@1: 0.180, Med Prec@1: 0.077, Few Prec@1: 0.073
Epoch: [9][0/43] 	Time 2.908 (2.908)	CE_Loss 4.2777 (4.2777)	SCL_Loss 4.2085 (4.2085)	Prec@1 0.000 (0.000)	loss 11.0805
Epoch: [10][0/43] 	Time 3.156 (3.156)	CE_Loss 3.8538 (3.8538)	SCL_Loss 4.1134 (4.1134)	Prec@1 0.000 (0.000)	loss 10.1756
Epoch: [11][0/43] 	Time 3.425 (3.425)	CE_Loss 3.3351 (3.3351)	SCL_Loss 4.1271 (4.1271)	Prec@1 0.000 (0.000)	loss 9.1466
Best Prec@1: 11.830, Many Prec@1: 0.150, Med Prec@1: 0.093, Few Prec@1: 0.111
Epoch: [12][0/43] 	Time 4.052 (4.052)	CE_Loss 3.7589 (3.7589)	SCL_Loss 4.1563 (4.1563)	Prec@1 0.000 (0.000)	loss 10.0116
Best Prec@1: 13.190, Many Prec@1: 0.242, Med Prec@1: 0.094, Few Prec@1: 0.047
Epoch: [13][0/43] 	Time 4.613 (4.613)	CE_Loss 4.0802 (4.0802)	SCL_Loss 3.9863 (3.9863)	Prec@1 0.000 (0.000)	loss 10.5522
Epoch: [14][0/43] 	Time 4.885 (4.885)	CE_Loss 4.3469 (4.3469)	SCL_Loss 4.0814 (4.0814)	Prec@1 0.000 (0.000)	loss 11.1426
Best Prec@1: 15.010, Many Prec@1: 0.253, Med Prec@1: 0.120, Few Prec@1: 0.065
Epoch: [15][0/43] 	Time 5.035 (5.035)	CE_Loss 2.8086 (2.8086)	SCL_Loss 4.0132 (4.0132)	Prec@1 0.000 (0.000)	loss 8.0250
Best Prec@1: 15.190, Many Prec@1: 0.299, Med Prec@1: 0.060, Few Prec@1: 0.087
Epoch: [16][0/43] 	Time 5.463 (5.463)	CE_Loss 4.5021 (4.5021)	SCL_Loss 3.9423 (3.9423)	Prec@1 0.000 (0.000)	loss 11.3695
Epoch: [17][0/43] 	Time 5.479 (5.479)	CE_Loss 2.6288 (2.6288)	SCL_Loss 3.8972 (3.8972)	Prec@1 0.000 (0.000)	loss 7.5959
Best Prec@1: 17.950, Many Prec@1: 0.260, Med Prec@1: 0.128, Few Prec@1: 0.145
Epoch: [18][0/43] 	Time 5.142 (5.142)	CE_Loss 2.6697 (2.6697)	SCL_Loss 3.9647 (3.9647)	Prec@1 0.000 (0.000)	loss 7.7183
Epoch: [19][0/43] 	Time 5.012 (5.012)	CE_Loss 4.0749 (4.0749)	SCL_Loss 3.8320 (3.8320)	Prec@1 0.000 (0.000)	loss 10.4491
Epoch: [20][0/43] 	Time 4.251 (4.251)	CE_Loss 3.8394 (3.8394)	SCL_Loss 3.8275 (3.8275)	Prec@1 0.000 (0.000)	loss 9.9753
Epoch: [21][0/43] 	Time 3.222 (3.222)	CE_Loss 3.2024 (3.2024)	SCL_Loss 3.8092 (3.8092)	Prec@1 0.000 (0.000)	loss 8.6903
Epoch: [22][0/43] 	Time 3.421 (3.421)	CE_Loss 2.4887 (2.4887)	SCL_Loss 3.7613 (3.7613)	Prec@1 0.000 (0.000)	loss 7.2342
Best Prec@1: 19.230, Many Prec@1: 0.268, Med Prec@1: 0.169, Few Prec@1: 0.131
Epoch: [23][0/43] 	Time 3.544 (3.544)	CE_Loss 4.0982 (4.0982)	SCL_Loss 3.8161 (3.8161)	Prec@1 0.000 (0.000)	loss 10.4860
Epoch: [24][0/43] 	Time 3.654 (3.654)	CE_Loss 3.6766 (3.6766)	SCL_Loss 3.6511 (3.6511)	Prec@1 0.000 (0.000)	loss 9.5438
Best Prec@1: 22.930, Many Prec@1: 0.376, Med Prec@1: 0.203, Few Prec@1: 0.089
Epoch: [25][0/43] 	Time 3.883 (3.883)	CE_Loss 3.0216 (3.0216)	SCL_Loss 3.7422 (3.7422)	Prec@1 0.000 (0.000)	loss 8.2885
Epoch: [26][0/43] 	Time 3.077 (3.077)	CE_Loss 2.2755 (2.2755)	SCL_Loss 3.5523 (3.5523)	Prec@1 0.000 (0.000)	loss 6.6825
Epoch: [27][0/43] 	Time 3.766 (3.766)	CE_Loss 3.4388 (3.4388)	SCL_Loss 3.5928 (3.5928)	Prec@1 0.000 (0.000)	loss 9.0333
Best Prec@1: 24.450, Many Prec@1: 0.335, Med Prec@1: 0.249, Few Prec@1: 0.134
Epoch: [28][0/43] 	Time 3.147 (3.147)	CE_Loss 2.2182 (2.2182)	SCL_Loss 3.6685 (3.6685)	Prec@1 0.000 (0.000)	loss 6.6375
Epoch: [29][0/43] 	Time 2.996 (2.996)	CE_Loss 2.3583 (2.3583)	SCL_Loss 3.5839 (3.5839)	Prec@1 0.000 (0.000)	loss 6.8670
Epoch: [30][0/43] 	Time 3.127 (3.127)	CE_Loss 3.3942 (3.3942)	SCL_Loss 3.4999 (3.4999)	Prec@1 0.000 (0.000)	loss 8.8884
Best Prec@1: 24.560, Many Prec@1: 0.384, Med Prec@1: 0.193, Few Prec@1: 0.145
Epoch: [31][0/43] 	Time 3.123 (3.123)	CE_Loss 1.9647 (1.9647)	SCL_Loss 3.3878 (3.3878)	Prec@1 0.000 (0.000)	loss 5.9620
Best Prec@1: 26.100, Many Prec@1: 0.333, Med Prec@1: 0.238, Few Prec@1: 0.203
Epoch: [32][0/43] 	Time 3.184 (3.184)	CE_Loss 2.1920 (2.1920)	SCL_Loss 3.5335 (3.5335)	Prec@1 0.000 (0.000)	loss 6.5041
Best Prec@1: 27.120, Many Prec@1: 0.406, Med Prec@1: 0.273, Few Prec@1: 0.112
Epoch: [33][0/43] 	Time 3.327 (3.327)	CE_Loss 2.3888 (2.3888)	SCL_Loss 3.4434 (3.4434)	Prec@1 0.000 (0.000)	loss 6.8436
Best Prec@1: 29.500, Many Prec@1: 0.455, Med Prec@1: 0.273, Few Prec@1: 0.134
Epoch: [34][0/43] 	Time 3.517 (3.517)	CE_Loss 1.9403 (1.9403)	SCL_Loss 3.3772 (3.3772)	Prec@1 0.000 (0.000)	loss 5.9069
Epoch: [35][0/43] 	Time 4.360 (4.360)	CE_Loss 1.8785 (1.8785)	SCL_Loss 3.5384 (3.5384)	Prec@1 0.000 (0.000)	loss 5.8801
Epoch: [36][0/43] 	Time 4.480 (4.480)	CE_Loss 2.3711 (2.3711)	SCL_Loss 3.5605 (3.5605)	Prec@1 0.000 (0.000)	loss 6.8784
Epoch: [37][0/43] 	Time 5.616 (5.616)	CE_Loss 3.7686 (3.7686)	SCL_Loss 3.4020 (3.4020)	Prec@1 0.000 (0.000)	loss 9.5784
Epoch: [38][0/43] 	Time 5.434 (5.434)	CE_Loss 1.9469 (1.9469)	SCL_Loss 3.4041 (3.4041)	Prec@1 0.000 (0.000)	loss 5.9362
Epoch: [39][0/43] 	Time 5.498 (5.498)	CE_Loss 3.6426 (3.6426)	SCL_Loss 3.3003 (3.3003)	Prec@1 0.000 (0.000)	loss 9.2653
Epoch: [40][0/43] 	Time 5.068 (5.068)	CE_Loss 1.8063 (1.8063)	SCL_Loss 3.2861 (3.2861)	Prec@1 0.000 (0.000)	loss 5.5842
Best Prec@1: 32.800, Many Prec@1: 0.443, Med Prec@1: 0.297, Few Prec@1: 0.230
Epoch: [41][0/43] 	Time 5.308 (5.308)	CE_Loss 1.7739 (1.7739)	SCL_Loss 3.3362 (3.3362)	Prec@1 0.000 (0.000)	loss 5.5496
Epoch: [42][0/43] 	Time 4.643 (4.643)	CE_Loss 3.3025 (3.3025)	SCL_Loss 3.3361 (3.3361)	Prec@1 0.000 (0.000)	loss 8.6066
Epoch: [43][0/43] 	Time 3.828 (3.828)	CE_Loss 2.6565 (2.6565)	SCL_Loss 3.3860 (3.3860)	Prec@1 0.000 (0.000)	loss 7.3445
Epoch: [44][0/43] 	Time 3.334 (3.334)	CE_Loss 1.7805 (1.7805)	SCL_Loss 3.3743 (3.3743)	Prec@1 0.000 (0.000)	loss 5.5857
Epoch: [45][0/43] 	Time 3.074 (3.074)	CE_Loss 3.4325 (3.4325)	SCL_Loss 3.2945 (3.2945)	Prec@1 0.000 (0.000)	loss 8.8417
Epoch: [46][0/43] 	Time 3.134 (3.134)	CE_Loss 1.6870 (1.6870)	SCL_Loss 3.1958 (3.1958)	Prec@1 0.000 (0.000)	loss 5.2915
Epoch: [47][0/43] 	Time 3.525 (3.525)	CE_Loss 1.6546 (1.6546)	SCL_Loss 3.3075 (3.3075)	Prec@1 0.000 (0.000)	loss 5.2937
Epoch: [48][0/43] 	Time 3.346 (3.346)	CE_Loss 1.7749 (1.7749)	SCL_Loss 3.2668 (3.2668)	Prec@1 0.000 (0.000)	loss 5.5099
Epoch: [49][0/43] 	Time 3.488 (3.488)	CE_Loss 1.5845 (1.5845)	SCL_Loss 3.3252 (3.3252)	Prec@1 0.000 (0.000)	loss 5.1641
Epoch: [50][0/43] 	Time 3.312 (3.312)	CE_Loss 1.8386 (1.8386)	SCL_Loss 3.3349 (3.3349)	Prec@1 0.000 (0.000)	loss 5.6781
Best Prec@1: 34.200, Many Prec@1: 0.479, Med Prec@1: 0.287, Few Prec@1: 0.247
Epoch: [51][0/43] 	Time 3.181 (3.181)	CE_Loss 1.6175 (1.6175)	SCL_Loss 3.2166 (3.2166)	Prec@1 0.000 (0.000)	loss 5.1651
Epoch: [52][0/43] 	Time 3.113 (3.113)	CE_Loss 3.7774 (3.7774)	SCL_Loss 3.3881 (3.3881)	Prec@1 0.000 (0.000)	loss 9.5877
Epoch: [53][0/43] 	Time 3.688 (3.688)	CE_Loss 3.9228 (3.9228)	SCL_Loss 3.2640 (3.2640)	Prec@1 0.000 (0.000)	loss 9.8040
Epoch: [54][0/43] 	Time 2.939 (2.939)	CE_Loss 1.6206 (1.6206)	SCL_Loss 3.2534 (3.2534)	Prec@1 0.000 (0.000)	loss 5.1933
Epoch: [55][0/43] 	Time 3.235 (3.235)	CE_Loss 1.6762 (1.6762)	SCL_Loss 3.3266 (3.3266)	Prec@1 0.000 (0.000)	loss 5.3484
Epoch: [56][0/43] 	Time 3.120 (3.120)	CE_Loss 2.1793 (2.1793)	SCL_Loss 3.1978 (3.1978)	Prec@1 0.000 (0.000)	loss 6.2773
Epoch: [57][0/43] 	Time 3.025 (3.025)	CE_Loss 3.1657 (3.1657)	SCL_Loss 3.0551 (3.0551)	Prec@1 0.000 (0.000)	loss 8.1644
Epoch: [58][0/43] 	Time 3.540 (3.540)	CE_Loss 3.7628 (3.7628)	SCL_Loss 3.2532 (3.2532)	Prec@1 0.000 (0.000)	loss 9.4775
Epoch: [59][0/43] 	Time 2.944 (2.944)	CE_Loss 1.5922 (1.5922)	SCL_Loss 3.2406 (3.2406)	Prec@1 0.000 (0.000)	loss 5.1288
Epoch: [60][0/43] 	Time 4.139 (4.139)	CE_Loss 2.7560 (2.7560)	SCL_Loss 3.3160 (3.3160)	Prec@1 0.000 (0.000)	loss 7.5015
Best Prec@1: 34.960, Many Prec@1: 0.489, Med Prec@1: 0.337, Few Prec@1: 0.201
Epoch: [61][0/43] 	Time 4.272 (4.272)	CE_Loss 1.9910 (1.9910)	SCL_Loss 3.2195 (3.2195)	Prec@1 0.000 (0.000)	loss 5.9136
Epoch: [62][0/43] 	Time 4.845 (4.845)	CE_Loss 2.3795 (2.3795)	SCL_Loss 3.2685 (3.2685)	Prec@1 0.000 (0.000)	loss 6.7200
Best Prec@1: 36.300, Many Prec@1: 0.525, Med Prec@1: 0.307, Few Prec@1: 0.239
Epoch: [63][0/43] 	Time 5.080 (5.080)	CE_Loss 1.6542 (1.6542)	SCL_Loss 3.2436 (3.2436)	Prec@1 0.000 (0.000)	loss 5.2544
Epoch: [64][0/43] 	Time 5.585 (5.585)	CE_Loss 3.4934 (3.4934)	SCL_Loss 3.1608 (3.1608)	Prec@1 0.000 (0.000)	loss 8.8832
Epoch: [65][0/43] 	Time 4.937 (4.937)	CE_Loss 1.5435 (1.5435)	SCL_Loss 3.0432 (3.0432)	Prec@1 0.000 (0.000)	loss 4.9128
Epoch: [66][0/43] 	Time 3.858 (3.858)	CE_Loss 1.4910 (1.4910)	SCL_Loss 3.0776 (3.0776)	Prec@1 0.000 (0.000)	loss 4.8285
Epoch: [67][0/43] 	Time 3.697 (3.697)	CE_Loss 3.1104 (3.1104)	SCL_Loss 3.2733 (3.2733)	Prec@1 0.000 (0.000)	loss 8.1847
Best Prec@1: 37.110, Many Prec@1: 0.455, Med Prec@1: 0.389, Few Prec@1: 0.252
Epoch: [68][0/43] 	Time 3.858 (3.858)	CE_Loss 1.5531 (1.5531)	SCL_Loss 3.1149 (3.1149)	Prec@1 0.000 (0.000)	loss 4.9751
Epoch: [69][0/43] 	Time 3.466 (3.466)	CE_Loss 3.6950 (3.6950)	SCL_Loss 2.9896 (2.9896)	Prec@1 0.000 (0.000)	loss 9.1838
Epoch: [70][0/43] 	Time 3.015 (3.015)	CE_Loss 3.8577 (3.8577)	SCL_Loss 3.1242 (3.1242)	Prec@1 0.000 (0.000)	loss 9.5899
Epoch: [71][0/43] 	Time 4.050 (4.050)	CE_Loss 3.4348 (3.4348)	SCL_Loss 3.1467 (3.1467)	Prec@1 0.000 (0.000)	loss 8.7575
Best Prec@1: 38.930, Many Prec@1: 0.499, Med Prec@1: 0.402, Few Prec@1: 0.247
Epoch: [72][0/43] 	Time 3.703 (3.703)	CE_Loss 1.4667 (1.4667)	SCL_Loss 2.9361 (2.9361)	Prec@1 0.000 (0.000)	loss 4.6951
Epoch: [73][0/43] 	Time 3.760 (3.760)	CE_Loss 2.7223 (2.7223)	SCL_Loss 3.1884 (3.1884)	Prec@1 0.000 (0.000)	loss 7.3576
Epoch: [74][0/43] 	Time 3.198 (3.198)	CE_Loss 1.4488 (1.4488)	SCL_Loss 3.1969 (3.1969)	Prec@1 0.000 (0.000)	loss 4.8158
Epoch: [75][0/43] 	Time 3.785 (3.785)	CE_Loss 3.8409 (3.8409)	SCL_Loss 3.0750 (3.0750)	Prec@1 0.000 (0.000)	loss 9.5268
Epoch: [76][0/43] 	Time 3.009 (3.009)	CE_Loss 3.3391 (3.3391)	SCL_Loss 3.0752 (3.0752)	Prec@1 0.000 (0.000)	loss 8.5234
Epoch: [77][0/43] 	Time 3.214 (3.214)	CE_Loss 1.3340 (1.3340)	SCL_Loss 3.0566 (3.0566)	Prec@1 0.000 (0.000)	loss 4.5019
Epoch: [78][0/43] 	Time 3.150 (3.150)	CE_Loss 1.5530 (1.5530)	SCL_Loss 3.0932 (3.0932)	Prec@1 0.000 (0.000)	loss 4.9620
Epoch: [79][0/43] 	Time 3.761 (3.761)	CE_Loss 1.4339 (1.4339)	SCL_Loss 3.0738 (3.0738)	Prec@1 0.000 (0.000)	loss 4.7121
Epoch: [80][0/43] 	Time 3.572 (3.572)	CE_Loss 3.2814 (3.2814)	SCL_Loss 2.9394 (2.9394)	Prec@1 0.000 (0.000)	loss 8.3264
Epoch: [81][0/43] 	Time 3.802 (3.802)	CE_Loss 1.5920 (1.5920)	SCL_Loss 3.0955 (3.0955)	Prec@1 0.000 (0.000)	loss 5.0413
Epoch: [82][0/43] 	Time 3.519 (3.519)	CE_Loss 3.7053 (3.7053)	SCL_Loss 3.1900 (3.1900)	Prec@1 0.000 (0.000)	loss 9.3247
Epoch: [83][0/43] 	Time 3.931 (3.931)	CE_Loss 1.3894 (1.3894)	SCL_Loss 2.9962 (2.9962)	Prec@1 0.000 (0.000)	loss 4.5765
Epoch: [84][0/43] 	Time 4.350 (4.350)	CE_Loss 1.6181 (1.6181)	SCL_Loss 3.1348 (3.1348)	Prec@1 0.000 (0.000)	loss 5.1172
Epoch: [85][0/43] 	Time 4.090 (4.090)	CE_Loss 2.8370 (2.8370)	SCL_Loss 2.8823 (2.8823)	Prec@1 0.000 (0.000)	loss 7.4033
Epoch: [86][0/43] 	Time 3.787 (3.787)	CE_Loss 2.7824 (2.7824)	SCL_Loss 3.1608 (3.1608)	Prec@1 0.000 (0.000)	loss 7.4614
Epoch: [87][0/43] 	Time 4.087 (4.087)	CE_Loss 1.3528 (1.3528)	SCL_Loss 2.9985 (2.9985)	Prec@1 0.000 (0.000)	loss 4.5047
Epoch: [88][0/43] 	Time 4.388 (4.388)	CE_Loss 1.5376 (1.5376)	SCL_Loss 3.1797 (3.1797)	Prec@1 0.000 (0.000)	loss 4.9830
Epoch: [89][0/43] 	Time 4.528 (4.528)	CE_Loss 3.2968 (3.2968)	SCL_Loss 3.0562 (3.0562)	Prec@1 0.000 (0.000)	loss 8.4274
Epoch: [90][0/43] 	Time 5.097 (5.097)	CE_Loss 1.4118 (1.4118)	SCL_Loss 2.9653 (2.9653)	Prec@1 0.000 (0.000)	loss 4.6029
Epoch: [91][0/43] 	Time 5.354 (5.354)	CE_Loss 3.8093 (3.8093)	SCL_Loss 3.0498 (3.0498)	Prec@1 0.000 (0.000)	loss 9.4485
Epoch: [92][0/43] 	Time 4.275 (4.275)	CE_Loss 3.3686 (3.3686)	SCL_Loss 2.9833 (2.9833)	Prec@1 0.000 (0.000)	loss 8.5272
Epoch: [93][0/43] 	Time 3.305 (3.305)	CE_Loss 3.7972 (3.7972)	SCL_Loss 3.0452 (3.0452)	Prec@1 0.000 (0.000)	loss 9.4216
Epoch: [94][0/43] 	Time 3.271 (3.271)	CE_Loss 3.3516 (3.3516)	SCL_Loss 3.1847 (3.1847)	Prec@1 0.000 (0.000)	loss 8.6140
Epoch: [95][0/43] 	Time 3.154 (3.154)	CE_Loss 2.8267 (2.8267)	SCL_Loss 3.0822 (3.0822)	Prec@1 0.000 (0.000)	loss 7.5028
Epoch: [96][0/43] 	Time 3.078 (3.078)	CE_Loss 2.9277 (2.9277)	SCL_Loss 2.9068 (2.9068)	Prec@1 0.000 (0.000)	loss 7.5994
Epoch: [97][0/43] 	Time 3.183 (3.183)	CE_Loss 1.4865 (1.4865)	SCL_Loss 3.0757 (3.0757)	Prec@1 0.000 (0.000)	loss 4.8185
Epoch: [98][0/43] 	Time 3.087 (3.087)	CE_Loss 3.5260 (3.5260)	SCL_Loss 3.0557 (3.0557)	Prec@1 0.000 (0.000)	loss 8.8855
Epoch: [99][0/43] 	Time 3.354 (3.354)	CE_Loss 1.1860 (1.1860)	SCL_Loss 2.8929 (2.8929)	Prec@1 0.000 (0.000)	loss 4.1077
Epoch: [100][0/43] 	Time 4.126 (4.126)	CE_Loss 1.3787 (1.3787)	SCL_Loss 3.0218 (3.0218)	Prec@1 0.000 (0.000)	loss 4.5706
Epoch: [101][0/43] 	Time 4.464 (4.464)	CE_Loss 1.4202 (1.4202)	SCL_Loss 3.0764 (3.0764)	Prec@1 0.000 (0.000)	loss 4.6862
Epoch: [102][0/43] 	Time 5.662 (5.662)	CE_Loss 3.6831 (3.6831)	SCL_Loss 3.0738 (3.0738)	Prec@1 0.000 (0.000)	loss 9.2105
Epoch: [103][0/43] 	Time 5.320 (5.320)	CE_Loss 2.7075 (2.7075)	SCL_Loss 2.9509 (2.9509)	Prec@1 0.000 (0.000)	loss 7.1856
Epoch: [104][0/43] 	Time 4.405 (4.405)	CE_Loss 1.4471 (1.4471)	SCL_Loss 2.9493 (2.9493)	Prec@1 0.000 (0.000)	loss 4.6639
Epoch: [105][0/43] 	Time 3.998 (3.998)	CE_Loss 3.8177 (3.8177)	SCL_Loss 2.9582 (2.9582)	Prec@1 0.000 (0.000)	loss 9.4104
Epoch: [106][0/43] 	Time 3.438 (3.438)	CE_Loss 3.4872 (3.4872)	SCL_Loss 3.0010 (3.0010)	Prec@1 0.000 (0.000)	loss 8.7749
Epoch: [107][0/43] 	Time 3.202 (3.202)	CE_Loss 1.5571 (1.5571)	SCL_Loss 2.9252 (2.9252)	Prec@1 0.000 (0.000)	loss 4.8693
Epoch: [108][0/43] 	Time 3.053 (3.053)	CE_Loss 1.2026 (1.2026)	SCL_Loss 2.7723 (2.7723)	Prec@1 0.000 (0.000)	loss 4.0685
Epoch: [109][0/43] 	Time 2.987 (2.987)	CE_Loss 3.5515 (3.5515)	SCL_Loss 2.9054 (2.9054)	Prec@1 0.000 (0.000)	loss 8.8463
Epoch: [110][0/43] 	Time 2.955 (2.955)	CE_Loss 3.5843 (3.5843)	SCL_Loss 2.8922 (2.8922)	Prec@1 0.000 (0.000)	loss 8.9038
Epoch: [111][0/43] 	Time 3.350 (3.350)	CE_Loss 2.3980 (2.3980)	SCL_Loss 2.9701 (2.9701)	Prec@1 0.000 (0.000)	loss 6.5780
Epoch: [112][0/43] 	Time 4.678 (4.678)	CE_Loss 1.3091 (1.3091)	SCL_Loss 2.9990 (2.9990)	Prec@1 0.000 (0.000)	loss 4.4176
Epoch: [113][0/43] 	Time 5.264 (5.264)	CE_Loss 1.5151 (1.5151)	SCL_Loss 3.0907 (3.0907)	Prec@1 0.000 (0.000)	loss 4.8846
Epoch: [114][0/43] 	Time 5.388 (5.388)	CE_Loss 3.6000 (3.6000)	SCL_Loss 2.9995 (2.9995)	Prec@1 0.000 (0.000)	loss 8.9997
Epoch: [115][0/43] 	Time 4.720 (4.720)	CE_Loss 1.4052 (1.4052)	SCL_Loss 3.0526 (3.0526)	Prec@1 0.000 (0.000)	loss 4.6420
Best Prec@1: 39.240, Many Prec@1: 0.518, Med Prec@1: 0.380, Few Prec@1: 0.260
Epoch: [116][0/43] 	Time 3.575 (3.575)	CE_Loss 2.9722 (2.9722)	SCL_Loss 3.1379 (3.1379)	Prec@1 0.000 (0.000)	loss 7.8271
Epoch: [117][0/43] 	Time 3.456 (3.456)	CE_Loss 1.3637 (1.3637)	SCL_Loss 3.1453 (3.1453)	Prec@1 0.000 (0.000)	loss 4.6145
Epoch: [118][0/43] 	Time 3.298 (3.298)	CE_Loss 1.2746 (1.2746)	SCL_Loss 2.9150 (2.9150)	Prec@1 0.000 (0.000)	loss 4.2982
Epoch: [119][0/43] 	Time 3.462 (3.462)	CE_Loss 3.6183 (3.6183)	SCL_Loss 2.8917 (2.8917)	Prec@1 0.000 (0.000)	loss 8.9717
Epoch: [120][0/43] 	Time 2.945 (2.945)	CE_Loss 1.4528 (1.4528)	SCL_Loss 3.0762 (3.0762)	Prec@1 0.000 (0.000)	loss 4.7513
Epoch: [121][0/43] 	Time 2.880 (2.880)	CE_Loss 3.3677 (3.3677)	SCL_Loss 2.8096 (2.8096)	Prec@1 0.000 (0.000)	loss 8.4211
Epoch: [122][0/43] 	Time 3.107 (3.107)	CE_Loss 1.3132 (1.3132)	SCL_Loss 2.8142 (2.8142)	Prec@1 0.000 (0.000)	loss 4.3149
Epoch: [123][0/43] 	Time 2.965 (2.965)	CE_Loss 1.2887 (1.2887)	SCL_Loss 3.0214 (3.0214)	Prec@1 0.000 (0.000)	loss 4.3902
Epoch: [124][0/43] 	Time 3.975 (3.975)	CE_Loss 3.7517 (3.7517)	SCL_Loss 2.9457 (2.9457)	Prec@1 0.000 (0.000)	loss 9.2708
Epoch: [125][0/43] 	Time 3.829 (3.829)	CE_Loss 3.7548 (3.7548)	SCL_Loss 2.9038 (2.9038)	Prec@1 0.000 (0.000)	loss 9.2518
Epoch: [126][0/43] 	Time 5.321 (5.321)	CE_Loss 2.3323 (2.3323)	SCL_Loss 3.0079 (3.0079)	Prec@1 0.000 (0.000)	loss 6.4693
Epoch: [127][0/43] 	Time 5.002 (5.002)	CE_Loss 2.4909 (2.4909)	SCL_Loss 2.9597 (2.9597)	Prec@1 0.000 (0.000)	loss 6.7576
Epoch: [128][0/43] 	Time 4.072 (4.072)	CE_Loss 1.3727 (1.3727)	SCL_Loss 2.9270 (2.9270)	Prec@1 0.000 (0.000)	loss 4.5017
Epoch: [129][0/43] 	Time 3.234 (3.234)	CE_Loss 1.2528 (1.2528)	SCL_Loss 2.9341 (2.9341)	Prec@1 0.000 (0.000)	loss 4.2660
Epoch: [130][0/43] 	Time 3.084 (3.084)	CE_Loss 3.4012 (3.4012)	SCL_Loss 2.9971 (2.9971)	Prec@1 0.000 (0.000)	loss 8.6007
Epoch: [131][0/43] 	Time 3.786 (3.786)	CE_Loss 2.7107 (2.7107)	SCL_Loss 2.8029 (2.8029)	Prec@1 0.000 (0.000)	loss 7.1031
Epoch: [132][0/43] 	Time 3.653 (3.653)	CE_Loss 1.2727 (1.2727)	SCL_Loss 2.8541 (2.8541)	Prec@1 0.000 (0.000)	loss 4.2579
Epoch: [133][0/43] 	Time 3.671 (3.671)	CE_Loss 1.2722 (1.2722)	SCL_Loss 2.8343 (2.8343)	Prec@1 0.000 (0.000)	loss 4.2450
Best Prec@1: 40.250, Many Prec@1: 0.527, Med Prec@1: 0.364, Few Prec@1: 0.303
Epoch: [134][0/43] 	Time 3.608 (3.608)	CE_Loss 2.9715 (2.9715)	SCL_Loss 2.8021 (2.8021)	Prec@1 0.000 (0.000)	loss 7.6243
Epoch: [135][0/43] 	Time 3.576 (3.576)	CE_Loss 2.0316 (2.0316)	SCL_Loss 2.7770 (2.7770)	Prec@1 0.000 (0.000)	loss 5.7295
Epoch: [136][0/43] 	Time 3.470 (3.470)	CE_Loss 1.9920 (1.9920)	SCL_Loss 2.8363 (2.8363)	Prec@1 0.000 (0.000)	loss 5.6857
Epoch: [137][0/43] 	Time 3.637 (3.637)	CE_Loss 3.3115 (3.3115)	SCL_Loss 2.9507 (2.9507)	Prec@1 0.000 (0.000)	loss 8.3934
Epoch: [138][0/43] 	Time 3.458 (3.458)	CE_Loss 1.3725 (1.3725)	SCL_Loss 3.1103 (3.1103)	Prec@1 0.000 (0.000)	loss 4.6112
Epoch: [139][0/43] 	Time 3.911 (3.911)	CE_Loss 1.2172 (1.2172)	SCL_Loss 2.9657 (2.9657)	Prec@1 0.000 (0.000)	loss 4.2139
Epoch: [140][0/43] 	Time 3.455 (3.455)	CE_Loss 2.9769 (2.9769)	SCL_Loss 2.8859 (2.8859)	Prec@1 0.000 (0.000)	loss 7.6853
Epoch: [141][0/43] 	Time 3.811 (3.811)	CE_Loss 1.2968 (1.2968)	SCL_Loss 3.0048 (3.0048)	Prec@1 0.000 (0.000)	loss 4.3965
Epoch: [142][0/43] 	Time 4.598 (4.598)	CE_Loss 1.1428 (1.1428)	SCL_Loss 2.8004 (2.8004)	Prec@1 0.000 (0.000)	loss 3.9658
Epoch: [143][0/43] 	Time 5.575 (5.575)	CE_Loss 2.2824 (2.2824)	SCL_Loss 2.8727 (2.8727)	Prec@1 0.000 (0.000)	loss 6.2885
Epoch: [144][0/43] 	Time 4.723 (4.723)	CE_Loss 2.1896 (2.1896)	SCL_Loss 2.8882 (2.8882)	Prec@1 0.000 (0.000)	loss 6.1120
Epoch: [145][0/43] 	Time 5.159 (5.159)	CE_Loss 1.1182 (1.1182)	SCL_Loss 2.7814 (2.7814)	Prec@1 0.000 (0.000)	loss 3.9053
Epoch: [146][0/43] 	Time 4.667 (4.667)	CE_Loss 1.1160 (1.1160)	SCL_Loss 2.7004 (2.7004)	Prec@1 0.000 (0.000)	loss 3.8521
Epoch: [147][0/43] 	Time 4.258 (4.258)	CE_Loss 3.6291 (3.6291)	SCL_Loss 3.0448 (3.0448)	Prec@1 0.000 (0.000)	loss 9.0851
Epoch: [148][0/43] 	Time 3.898 (3.898)	CE_Loss 1.0246 (1.0246)	SCL_Loss 2.8501 (2.8501)	Prec@1 0.000 (0.000)	loss 3.7593
Epoch: [149][0/43] 	Time 4.025 (4.025)	CE_Loss 2.0199 (2.0199)	SCL_Loss 2.7469 (2.7469)	Prec@1 0.000 (0.000)	loss 5.6880
Epoch: [150][0/43] 	Time 3.982 (3.982)	CE_Loss 1.1570 (1.1570)	SCL_Loss 2.8824 (2.8824)	Prec@1 0.000 (0.000)	loss 4.0434
Epoch: [151][0/43] 	Time 5.053 (5.053)	CE_Loss 3.4090 (3.4090)	SCL_Loss 2.9847 (2.9847)	Prec@1 0.000 (0.000)	loss 8.6087
Epoch: [152][0/43] 	Time 4.223 (4.223)	CE_Loss 1.3491 (1.3491)	SCL_Loss 2.9697 (2.9697)	Prec@1 0.000 (0.000)	loss 4.4801
Epoch: [153][0/43] 	Time 4.193 (4.193)	CE_Loss 1.3014 (1.3014)	SCL_Loss 2.8854 (2.8854)	Prec@1 0.000 (0.000)	loss 4.3341
Epoch: [154][0/43] 	Time 4.498 (4.498)	CE_Loss 1.2854 (1.2854)	SCL_Loss 3.0630 (3.0630)	Prec@1 0.000 (0.000)	loss 4.4086
Epoch: [155][0/43] 	Time 3.179 (3.179)	CE_Loss 1.2660 (1.2660)	SCL_Loss 2.9288 (2.9288)	Prec@1 0.000 (0.000)	loss 4.2893
Epoch: [156][0/43] 	Time 3.194 (3.194)	CE_Loss 1.1430 (1.1430)	SCL_Loss 2.9645 (2.9645)	Prec@1 0.000 (0.000)	loss 4.0647
Epoch: [157][0/43] 	Time 3.685 (3.685)	CE_Loss 1.6734 (1.6734)	SCL_Loss 2.8266 (2.8266)	Prec@1 0.000 (0.000)	loss 5.0427
Epoch: [158][0/43] 	Time 3.763 (3.763)	CE_Loss 1.2164 (1.2164)	SCL_Loss 2.7886 (2.7886)	Prec@1 0.000 (0.000)	loss 4.1059
Epoch: [159][0/43] 	Time 3.750 (3.750)	CE_Loss 3.5543 (3.5543)	SCL_Loss 2.9008 (2.9008)	Prec@1 0.000 (0.000)	loss 8.8491
Epoch: [160][0/43] 	Time 4.150 (4.150)	CE_Loss 3.5522 (3.5522)	SCL_Loss 2.8914 (2.8914)	Prec@1 0.000 (0.000)	loss 8.8392
Epoch: [161][0/43] 	Time 3.697 (3.697)	CE_Loss 3.5810 (3.5810)	SCL_Loss 2.7075 (2.7075)	Prec@1 0.000 (0.000)	loss 8.7864
Epoch: [162][0/43] 	Time 3.666 (3.666)	CE_Loss 3.8552 (3.8552)	SCL_Loss 2.7776 (2.7776)	Prec@1 0.000 (0.000)	loss 9.3770
Epoch: [163][0/43] 	Time 3.155 (3.155)	CE_Loss 1.2811 (1.2811)	SCL_Loss 2.8828 (2.8828)	Prec@1 0.000 (0.000)	loss 4.2919
Epoch: [164][0/43] 	Time 3.149 (3.149)	CE_Loss 1.1814 (1.1814)	SCL_Loss 2.9394 (2.9394)	Prec@1 0.000 (0.000)	loss 4.1264
Epoch: [165][0/43] 	Time 3.343 (3.343)	CE_Loss 1.2866 (1.2866)	SCL_Loss 2.9858 (2.9858)	Prec@1 0.000 (0.000)	loss 4.3647
Best Prec@1: 40.320, Many Prec@1: 0.578, Med Prec@1: 0.385, Few Prec@1: 0.220
Epoch: [166][0/43] 	Time 3.918 (3.918)	CE_Loss 1.1399 (1.1399)	SCL_Loss 2.9115 (2.9115)	Prec@1 0.000 (0.000)	loss 4.0267
Epoch: [167][0/43] 	Time 3.707 (3.707)	CE_Loss 1.2445 (1.2445)	SCL_Loss 2.7175 (2.7175)	Prec@1 0.000 (0.000)	loss 4.1195
Epoch: [168][0/43] 	Time 4.004 (4.004)	CE_Loss 2.9491 (2.9491)	SCL_Loss 3.0098 (3.0098)	Prec@1 0.000 (0.000)	loss 7.7041
Epoch: [169][0/43] 	Time 3.926 (3.926)	CE_Loss 3.6031 (3.6031)	SCL_Loss 2.8651 (2.8651)	Prec@1 0.000 (0.000)	loss 8.9252
Best Prec@1: 40.400, Many Prec@1: 0.526, Med Prec@1: 0.384, Few Prec@1: 0.285
Epoch: [170][0/43] 	Time 3.831 (3.831)	CE_Loss 3.1622 (3.1622)	SCL_Loss 3.0183 (3.0183)	Prec@1 0.000 (0.000)	loss 8.1354
Epoch: [171][0/43] 	Time 3.398 (3.398)	CE_Loss 1.0342 (1.0342)	SCL_Loss 2.7313 (2.7313)	Prec@1 0.000 (0.000)	loss 3.7072
Epoch: [172][0/43] 	Time 3.153 (3.153)	CE_Loss 2.0084 (2.0084)	SCL_Loss 2.9506 (2.9506)	Prec@1 0.000 (0.000)	loss 5.7872
Epoch: [173][0/43] 	Time 3.069 (3.069)	CE_Loss 1.1332 (1.1332)	SCL_Loss 2.8123 (2.8123)	Prec@1 0.000 (0.000)	loss 3.9537
Epoch: [174][0/43] 	Time 3.735 (3.735)	CE_Loss 3.4839 (3.4839)	SCL_Loss 2.8495 (2.8495)	Prec@1 0.000 (0.000)	loss 8.6775
Epoch: [175][0/43] 	Time 3.592 (3.592)	CE_Loss 1.3028 (1.3028)	SCL_Loss 2.9978 (2.9978)	Prec@1 0.000 (0.000)	loss 4.4043
Best Prec@1: 41.580, Many Prec@1: 0.553, Med Prec@1: 0.416, Few Prec@1: 0.255
Epoch: [176][0/43] 	Time 4.015 (4.015)	CE_Loss 1.1818 (1.1818)	SCL_Loss 3.0228 (3.0228)	Prec@1 0.000 (0.000)	loss 4.1774
Epoch: [177][0/43] 	Time 3.568 (3.568)	CE_Loss 1.2099 (1.2099)	SCL_Loss 2.8641 (2.8641)	Prec@1 0.000 (0.000)	loss 4.1383
Epoch: [178][0/43] 	Time 3.566 (3.566)	CE_Loss 1.3290 (1.3290)	SCL_Loss 2.7733 (2.7733)	Prec@1 0.000 (0.000)	loss 4.3220
Epoch: [179][0/43] 	Time 2.848 (2.848)	CE_Loss 2.8392 (2.8392)	SCL_Loss 2.9634 (2.9634)	Prec@1 0.000 (0.000)	loss 7.4565
Epoch: [180][0/43] 	Time 3.114 (3.114)	CE_Loss 2.1779 (2.1779)	SCL_Loss 2.8866 (2.8866)	Prec@1 0.000 (0.000)	loss 6.0878
Epoch: [181][0/43] 	Time 3.474 (3.474)	CE_Loss 3.6926 (3.6926)	SCL_Loss 2.8967 (2.8967)	Prec@1 0.000 (0.000)	loss 9.1233
Epoch: [182][0/43] 	Time 3.206 (3.206)	CE_Loss 1.1922 (1.1922)	SCL_Loss 2.8605 (2.8605)	Prec@1 0.000 (0.000)	loss 4.1008
Epoch: [183][0/43] 	Time 3.645 (3.645)	CE_Loss 1.0035 (1.0035)	SCL_Loss 2.5922 (2.5922)	Prec@1 0.000 (0.000)	loss 3.5623
Epoch: [184][0/43] 	Time 3.926 (3.926)	CE_Loss 1.1765 (1.1765)	SCL_Loss 2.9726 (2.9726)	Prec@1 0.000 (0.000)	loss 4.1364
Epoch: [185][0/43] 	Time 3.936 (3.936)	CE_Loss 1.2457 (1.2457)	SCL_Loss 3.0143 (3.0143)	Prec@1 0.000 (0.000)	loss 4.3001
Epoch: [186][0/43] 	Time 4.022 (4.022)	CE_Loss 2.7398 (2.7398)	SCL_Loss 3.0556 (3.0556)	Prec@1 0.000 (0.000)	loss 7.3130
Epoch: [187][0/43] 	Time 4.546 (4.546)	CE_Loss 3.5400 (3.5400)	SCL_Loss 2.9016 (2.9016)	Prec@1 0.000 (0.000)	loss 8.8210
Epoch: [188][0/43] 	Time 3.773 (3.773)	CE_Loss 3.6733 (3.6733)	SCL_Loss 3.1790 (3.1790)	Prec@1 0.000 (0.000)	loss 9.2540
Epoch: [189][0/43] 	Time 3.370 (3.370)	CE_Loss 1.3151 (1.3151)	SCL_Loss 2.7544 (2.7544)	Prec@1 0.000 (0.000)	loss 4.2829
Epoch: [190][0/43] 	Time 3.610 (3.610)	CE_Loss 1.1737 (1.1737)	SCL_Loss 2.9563 (2.9563)	Prec@1 0.000 (0.000)	loss 4.1211
Epoch: [191][0/43] 	Time 4.248 (4.248)	CE_Loss 1.2533 (1.2533)	SCL_Loss 2.8988 (2.8988)	Prec@1 0.000 (0.000)	loss 4.2459
Epoch: [192][0/43] 	Time 4.276 (4.276)	CE_Loss 1.2457 (1.2457)	SCL_Loss 2.8244 (2.8244)	Prec@1 0.000 (0.000)	loss 4.1860
Epoch: [193][0/43] 	Time 4.368 (4.368)	CE_Loss 1.2537 (1.2537)	SCL_Loss 2.8096 (2.8096)	Prec@1 0.000 (0.000)	loss 4.1931
Best Prec@1: 41.820, Many Prec@1: 0.562, Med Prec@1: 0.394, Few Prec@1: 0.279
Epoch: [194][0/43] 	Time 4.107 (4.107)	CE_Loss 1.2220 (1.2220)	SCL_Loss 2.7429 (2.7429)	Prec@1 0.000 (0.000)	loss 4.0898
Epoch: [195][0/43] 	Time 3.019 (3.019)	CE_Loss 1.1916 (1.1916)	SCL_Loss 2.8232 (2.8232)	Prec@1 0.000 (0.000)	loss 4.0770
Epoch: [196][0/43] 	Time 3.386 (3.386)	CE_Loss 2.7881 (2.7881)	SCL_Loss 2.9411 (2.9411)	Prec@1 0.000 (0.000)	loss 7.3409
Epoch: [197][0/43] 	Time 3.389 (3.389)	CE_Loss 2.9410 (2.9410)	SCL_Loss 2.9726 (2.9726)	Prec@1 0.000 (0.000)	loss 7.6657
Epoch: [198][0/43] 	Time 3.105 (3.105)	CE_Loss 1.2882 (1.2882)	SCL_Loss 2.9469 (2.9469)	Prec@1 0.000 (0.000)	loss 4.3446
Epoch: [199][0/43] 	Time 3.407 (3.407)	CE_Loss 3.4939 (3.4939)	SCL_Loss 2.8081 (2.8081)	Prec@1 0.000 (0.000)	loss 8.6727
Epoch: [200][0/43] 	Time 3.156 (3.156)	CE_Loss 1.0885 (1.0885)	SCL_Loss 2.8138 (2.8138)	Prec@1 0.000 (0.000)	loss 3.8652
Epoch: [201][0/43] 	Time 3.664 (3.664)	CE_Loss 1.3630 (1.3630)	SCL_Loss 2.8451 (2.8451)	Prec@1 0.000 (0.000)	loss 4.4330
Epoch: [202][0/43] 	Time 3.643 (3.643)	CE_Loss 3.0892 (3.0892)	SCL_Loss 2.9108 (2.9108)	Prec@1 0.000 (0.000)	loss 7.9249
Epoch: [203][0/43] 	Time 3.522 (3.522)	CE_Loss 2.6428 (2.6428)	SCL_Loss 2.8342 (2.8342)	Prec@1 0.000 (0.000)	loss 6.9861
Epoch: [204][0/43] 	Time 3.609 (3.609)	CE_Loss 2.4280 (2.4280)	SCL_Loss 2.9423 (2.9423)	Prec@1 0.000 (0.000)	loss 6.6214
Epoch: [205][0/43] 	Time 3.087 (3.087)	CE_Loss 1.1569 (1.1569)	SCL_Loss 2.7157 (2.7157)	Prec@1 0.000 (0.000)	loss 3.9431
Epoch: [206][0/43] 	Time 3.369 (3.369)	CE_Loss 1.0704 (1.0704)	SCL_Loss 2.5869 (2.5869)	Prec@1 0.000 (0.000)	loss 3.6929
Epoch: [207][0/43] 	Time 3.541 (3.541)	CE_Loss 1.2040 (1.2040)	SCL_Loss 2.9316 (2.9316)	Prec@1 0.000 (0.000)	loss 4.1669
Epoch: [208][0/43] 	Time 3.975 (3.975)	CE_Loss 1.1022 (1.1022)	SCL_Loss 2.8826 (2.8826)	Prec@1 0.000 (0.000)	loss 3.9340
Epoch: [209][0/43] 	Time 4.083 (4.083)	CE_Loss 3.7102 (3.7102)	SCL_Loss 2.7462 (2.7462)	Prec@1 0.000 (0.000)	loss 9.0682
Epoch: [210][0/43] 	Time 4.283 (4.283)	CE_Loss 3.5914 (3.5914)	SCL_Loss 3.0708 (3.0708)	Prec@1 0.000 (0.000)	loss 9.0254
Epoch: [211][0/43] 	Time 3.329 (3.329)	CE_Loss 1.2733 (1.2733)	SCL_Loss 2.8436 (2.8436)	Prec@1 0.000 (0.000)	loss 4.2527
Epoch: [212][0/43] 	Time 3.173 (3.173)	CE_Loss 3.4830 (3.4830)	SCL_Loss 2.8052 (2.8052)	Prec@1 0.000 (0.000)	loss 8.6491
Epoch: [213][0/43] 	Time 3.081 (3.081)	CE_Loss 1.1099 (1.1099)	SCL_Loss 2.8947 (2.8947)	Prec@1 0.000 (0.000)	loss 3.9566
Epoch: [214][0/43] 	Time 3.265 (3.265)	CE_Loss 2.1307 (2.1307)	SCL_Loss 2.8869 (2.8869)	Prec@1 0.000 (0.000)	loss 5.9936
Epoch: [215][0/43] 	Time 3.651 (3.651)	CE_Loss 1.0539 (1.0539)	SCL_Loss 2.9439 (2.9439)	Prec@1 0.000 (0.000)	loss 3.8741
Epoch: [216][0/43] 	Time 3.819 (3.819)	CE_Loss 1.3361 (1.3361)	SCL_Loss 2.8799 (2.8799)	Prec@1 0.000 (0.000)	loss 4.4002
Epoch: [217][0/43] 	Time 3.533 (3.533)	CE_Loss 1.1336 (1.1336)	SCL_Loss 2.8762 (2.8762)	Prec@1 0.000 (0.000)	loss 3.9929
Epoch: [218][0/43] 	Time 3.946 (3.946)	CE_Loss 2.4769 (2.4769)	SCL_Loss 2.8472 (2.8472)	Prec@1 0.000 (0.000)	loss 6.6621
Epoch: [219][0/43] 	Time 3.319 (3.319)	CE_Loss 2.0625 (2.0625)	SCL_Loss 2.9377 (2.9377)	Prec@1 0.000 (0.000)	loss 5.8877
Epoch: [220][0/43] 	Time 3.278 (3.278)	CE_Loss 1.3481 (1.3481)	SCL_Loss 2.7825 (2.7825)	Prec@1 0.000 (0.000)	loss 4.3658
Epoch: [221][0/43] 	Time 3.137 (3.137)	CE_Loss 3.1478 (3.1478)	SCL_Loss 2.6422 (2.6422)	Prec@1 0.000 (0.000)	loss 7.8809
Epoch: [222][0/43] 	Time 3.197 (3.197)	CE_Loss 3.2883 (3.2883)	SCL_Loss 2.9507 (2.9507)	Prec@1 0.000 (0.000)	loss 8.3471
Epoch: [223][0/43] 	Time 3.177 (3.177)	CE_Loss 3.3780 (3.3780)	SCL_Loss 2.8028 (2.8028)	Prec@1 0.000 (0.000)	loss 8.4377
Epoch: [224][0/43] 	Time 3.829 (3.829)	CE_Loss 3.4108 (3.4108)	SCL_Loss 2.8983 (2.8983)	Prec@1 0.000 (0.000)	loss 8.5606
Epoch: [225][0/43] 	Time 3.923 (3.923)	CE_Loss 3.5920 (3.5920)	SCL_Loss 2.7867 (2.7867)	Prec@1 0.000 (0.000)	loss 8.8560
Epoch: [226][0/43] 	Time 4.038 (4.038)	CE_Loss 2.8585 (2.8585)	SCL_Loss 2.7584 (2.7584)	Prec@1 0.000 (0.000)	loss 7.3720
Epoch: [227][0/43] 	Time 3.191 (3.191)	CE_Loss 1.1464 (1.1464)	SCL_Loss 2.8501 (2.8501)	Prec@1 0.000 (0.000)	loss 4.0029
Epoch: [228][0/43] 	Time 3.029 (3.029)	CE_Loss 1.1965 (1.1965)	SCL_Loss 2.7784 (2.7784)	Prec@1 0.000 (0.000)	loss 4.0602
Best Prec@1: 42.080, Many Prec@1: 0.557, Med Prec@1: 0.403, Few Prec@1: 0.283
Epoch: [229][0/43] 	Time 3.019 (3.019)	CE_Loss 1.1113 (1.1113)	SCL_Loss 2.8057 (2.8057)	Prec@1 0.000 (0.000)	loss 3.9061
Epoch: [230][0/43] 	Time 2.964 (2.964)	CE_Loss 2.2821 (2.2821)	SCL_Loss 2.8556 (2.8556)	Prec@1 0.000 (0.000)	loss 6.2776
Epoch: [231][0/43] 	Time 3.167 (3.167)	CE_Loss 1.3378 (1.3378)	SCL_Loss 2.9999 (2.9999)	Prec@1 0.000 (0.000)	loss 4.4755
Epoch: [232][0/43] 	Time 3.290 (3.290)	CE_Loss 1.2001 (1.2001)	SCL_Loss 2.9288 (2.9288)	Prec@1 0.000 (0.000)	loss 4.1575
Epoch: [233][0/43] 	Time 3.570 (3.570)	CE_Loss 1.1916 (1.1916)	SCL_Loss 2.8661 (2.8661)	Prec@1 0.000 (0.000)	loss 4.1028
Epoch: [234][0/43] 	Time 3.775 (3.775)	CE_Loss 3.1321 (3.1321)	SCL_Loss 2.8825 (2.8825)	Prec@1 0.000 (0.000)	loss 7.9937
Epoch: [235][0/43] 	Time 4.218 (4.218)	CE_Loss 1.2083 (1.2083)	SCL_Loss 2.7630 (2.7630)	Prec@1 0.000 (0.000)	loss 4.0743
Best Prec@1: 43.010, Many Prec@1: 0.565, Med Prec@1: 0.377, Few Prec@1: 0.335
Epoch: [236][0/43] 	Time 3.935 (3.935)	CE_Loss 2.1282 (2.1282)	SCL_Loss 2.8716 (2.8716)	Prec@1 0.000 (0.000)	loss 5.9794
Epoch: [237][0/43] 	Time 3.480 (3.480)	CE_Loss 3.5243 (3.5243)	SCL_Loss 2.7870 (2.7870)	Prec@1 0.000 (0.000)	loss 8.7208
Epoch: [238][0/43] 	Time 2.984 (2.984)	CE_Loss 1.0348 (1.0348)	SCL_Loss 2.7840 (2.7840)	Prec@1 0.000 (0.000)	loss 3.7400
Epoch: [239][0/43] 	Time 2.993 (2.993)	CE_Loss 1.1614 (1.1614)	SCL_Loss 2.8991 (2.8991)	Prec@1 0.000 (0.000)	loss 4.0623
Epoch: [240][0/43] 	Time 3.826 (3.826)	CE_Loss 3.0594 (3.0594)	SCL_Loss 2.6826 (2.6826)	Prec@1 0.000 (0.000)	loss 7.7284
Epoch: [241][0/43] 	Time 4.028 (4.028)	CE_Loss 1.1903 (1.1903)	SCL_Loss 2.8419 (2.8419)	Prec@1 0.000 (0.000)	loss 4.0858
Epoch: [242][0/43] 	Time 4.118 (4.118)	CE_Loss 1.1972 (1.1972)	SCL_Loss 2.7950 (2.7950)	Prec@1 0.000 (0.000)	loss 4.0715
Epoch: [243][0/43] 	Time 4.048 (4.048)	CE_Loss 1.3966 (1.3966)	SCL_Loss 2.9677 (2.9677)	Prec@1 0.000 (0.000)	loss 4.5738
Epoch: [244][0/43] 	Time 3.326 (3.326)	CE_Loss 1.1029 (1.1029)	SCL_Loss 2.6772 (2.6772)	Prec@1 0.000 (0.000)	loss 3.8122
Epoch: [245][0/43] 	Time 3.444 (3.444)	CE_Loss 1.2496 (1.2496)	SCL_Loss 2.8816 (2.8816)	Prec@1 0.000 (0.000)	loss 4.2281
Epoch: [246][0/43] 	Time 3.122 (3.122)	CE_Loss 2.5950 (2.5950)	SCL_Loss 2.7836 (2.7836)	Prec@1 0.000 (0.000)	loss 6.8602
Epoch: [247][0/43] 	Time 3.451 (3.451)	CE_Loss 1.0138 (1.0138)	SCL_Loss 2.7370 (2.7370)	Prec@1 0.000 (0.000)	loss 3.6697
Epoch: [248][0/43] 	Time 3.032 (3.032)	CE_Loss 1.2775 (1.2775)	SCL_Loss 2.9080 (2.9080)	Prec@1 0.000 (0.000)	loss 4.2998
Epoch: [249][0/43] 	Time 3.674 (3.674)	CE_Loss 1.2675 (1.2675)	SCL_Loss 2.8000 (2.8000)	Prec@1 0.000 (0.000)	loss 4.2151
Epoch: [250][0/43] 	Time 3.410 (3.410)	CE_Loss 1.4723 (1.4723)	SCL_Loss 2.9692 (2.9692)	Prec@1 0.000 (0.000)	loss 4.7260
Epoch: [251][0/43] 	Time 3.881 (3.881)	CE_Loss 1.2475 (1.2475)	SCL_Loss 2.8766 (2.8766)	Prec@1 0.000 (0.000)	loss 4.2210
Epoch: [252][0/43] 	Time 4.152 (4.152)	CE_Loss 3.0681 (3.0681)	SCL_Loss 2.6564 (2.6564)	Prec@1 0.000 (0.000)	loss 7.7300
Epoch: [253][0/43] 	Time 3.565 (3.565)	CE_Loss 2.4607 (2.4607)	SCL_Loss 2.8723 (2.8723)	Prec@1 0.000 (0.000)	loss 6.6448
Epoch: [254][0/43] 	Time 3.264 (3.264)	CE_Loss 1.2601 (1.2601)	SCL_Loss 2.8819 (2.8819)	Prec@1 0.000 (0.000)	loss 4.2493
Epoch: [255][0/43] 	Time 2.949 (2.949)	CE_Loss 3.1635 (3.1635)	SCL_Loss 3.0370 (3.0370)	Prec@1 0.000 (0.000)	loss 8.1491
Epoch: [256][0/43] 	Time 3.073 (3.073)	CE_Loss 2.1112 (2.1112)	SCL_Loss 2.6955 (2.6955)	Prec@1 0.000 (0.000)	loss 5.8398
Epoch: [257][0/43] 	Time 3.232 (3.232)	CE_Loss 1.1747 (1.1747)	SCL_Loss 2.8804 (2.8804)	Prec@1 0.000 (0.000)	loss 4.0776
Epoch: [258][0/43] 	Time 3.776 (3.776)	CE_Loss 3.5549 (3.5549)	SCL_Loss 2.8883 (2.8883)	Prec@1 0.000 (0.000)	loss 8.8429
Epoch: [259][0/43] 	Time 3.712 (3.712)	CE_Loss 3.3477 (3.3477)	SCL_Loss 2.9620 (2.9620)	Prec@1 0.000 (0.000)	loss 8.4726
Epoch: [260][0/43] 	Time 3.144 (3.144)	CE_Loss 3.5316 (3.5316)	SCL_Loss 2.7966 (2.7966)	Prec@1 0.000 (0.000)	loss 8.7411
Epoch: [261][0/43] 	Time 3.578 (3.578)	CE_Loss 2.8069 (2.8069)	SCL_Loss 2.7739 (2.7739)	Prec@1 0.000 (0.000)	loss 7.2782
Epoch: [262][0/43] 	Time 3.103 (3.103)	CE_Loss 1.1872 (1.1872)	SCL_Loss 2.8136 (2.8136)	Prec@1 0.000 (0.000)	loss 4.0626
Epoch: [263][0/43] 	Time 3.278 (3.278)	CE_Loss 1.1779 (1.1779)	SCL_Loss 2.7976 (2.7976)	Prec@1 0.000 (0.000)	loss 4.0344
Epoch: [264][0/43] 	Time 3.166 (3.166)	CE_Loss 1.1454 (1.1454)	SCL_Loss 2.6985 (2.6985)	Prec@1 0.000 (0.000)	loss 3.9099
Epoch: [265][0/43] 	Time 3.415 (3.415)	CE_Loss 1.2393 (1.2393)	SCL_Loss 2.8221 (2.8221)	Prec@1 0.000 (0.000)	loss 4.1718
Epoch: [266][0/43] 	Time 3.645 (3.645)	CE_Loss 1.1456 (1.1456)	SCL_Loss 2.8609 (2.8609)	Prec@1 0.000 (0.000)	loss 4.0077
Epoch: [267][0/43] 	Time 3.256 (3.256)	CE_Loss 1.1701 (1.1701)	SCL_Loss 2.7002 (2.7002)	Prec@1 0.000 (0.000)	loss 3.9603
Epoch: [268][0/43] 	Time 3.435 (3.435)	CE_Loss 0.9288 (0.9288)	SCL_Loss 2.6336 (2.6336)	Prec@1 0.000 (0.000)	loss 3.4378
Epoch: [269][0/43] 	Time 3.592 (3.592)	CE_Loss 3.3510 (3.3510)	SCL_Loss 2.9808 (2.9808)	Prec@1 0.000 (0.000)	loss 8.4905
Epoch: [270][0/43] 	Time 3.876 (3.876)	CE_Loss 0.9865 (0.9865)	SCL_Loss 2.8117 (2.8117)	Prec@1 0.000 (0.000)	loss 3.6599
Epoch: [271][0/43] 	Time 3.850 (3.850)	CE_Loss 1.2006 (1.2006)	SCL_Loss 2.8894 (2.8894)	Prec@1 0.000 (0.000)	loss 4.1348
Epoch: [272][0/43] 	Time 2.983 (2.983)	CE_Loss 3.2394 (3.2394)	SCL_Loss 2.8673 (2.8673)	Prec@1 0.000 (0.000)	loss 8.1992
Epoch: [273][0/43] 	Time 3.049 (3.049)	CE_Loss 1.1254 (1.1254)	SCL_Loss 2.9165 (2.9165)	Prec@1 0.000 (0.000)	loss 4.0007
Epoch: [274][0/43] 	Time 3.085 (3.085)	CE_Loss 2.7102 (2.7102)	SCL_Loss 2.6562 (2.6562)	Prec@1 0.000 (0.000)	loss 7.0142
Epoch: [275][0/43] 	Time 3.479 (3.479)	CE_Loss 2.0762 (2.0762)	SCL_Loss 2.6279 (2.6279)	Prec@1 0.000 (0.000)	loss 5.7291
Epoch: [276][0/43] 	Time 3.976 (3.976)	CE_Loss 1.1076 (1.1076)	SCL_Loss 2.7886 (2.7886)	Prec@1 0.000 (0.000)	loss 3.8883
Epoch: [277][0/43] 	Time 4.051 (4.051)	CE_Loss 1.1547 (1.1547)	SCL_Loss 2.9300 (2.9300)	Prec@1 0.000 (0.000)	loss 4.0673
Epoch: [278][0/43] 	Time 3.692 (3.692)	CE_Loss 1.6073 (1.6073)	SCL_Loss 2.8811 (2.8811)	Prec@1 0.000 (0.000)	loss 4.9432
Epoch: [279][0/43] 	Time 3.798 (3.798)	CE_Loss 3.6621 (3.6621)	SCL_Loss 2.8822 (2.8822)	Prec@1 0.000 (0.000)	loss 9.0536
Epoch: [280][0/43] 	Time 3.476 (3.476)	CE_Loss 2.1222 (2.1222)	SCL_Loss 2.9987 (2.9987)	Prec@1 0.000 (0.000)	loss 6.0437
Epoch: [281][0/43] 	Time 2.996 (2.996)	CE_Loss 2.2985 (2.2985)	SCL_Loss 2.8315 (2.8315)	Prec@1 0.000 (0.000)	loss 6.2960
Epoch: [282][0/43] 	Time 3.170 (3.170)	CE_Loss 1.0256 (1.0256)	SCL_Loss 2.8064 (2.8064)	Prec@1 0.000 (0.000)	loss 3.7351
Epoch: [283][0/43] 	Time 3.052 (3.052)	CE_Loss 3.5073 (3.5073)	SCL_Loss 2.7157 (2.7157)	Prec@1 0.000 (0.000)	loss 8.6439
Epoch: [284][0/43] 	Time 3.587 (3.587)	CE_Loss 2.0964 (2.0964)	SCL_Loss 2.7291 (2.7291)	Prec@1 0.000 (0.000)	loss 5.8303
Epoch: [285][0/43] 	Time 3.756 (3.756)	CE_Loss 3.3169 (3.3169)	SCL_Loss 2.8004 (2.8004)	Prec@1 0.000 (0.000)	loss 8.3141
Epoch: [286][0/43] 	Time 4.359 (4.359)	CE_Loss 1.0031 (1.0031)	SCL_Loss 2.6834 (2.6834)	Prec@1 0.000 (0.000)	loss 3.6162
Epoch: [287][0/43] 	Time 4.284 (4.284)	CE_Loss 0.9909 (0.9909)	SCL_Loss 2.7181 (2.7181)	Prec@1 0.000 (0.000)	loss 3.6127
Epoch: [288][0/43] 	Time 4.258 (4.258)	CE_Loss 2.1247 (2.1247)	SCL_Loss 2.6648 (2.6648)	Prec@1 0.000 (0.000)	loss 5.8483
Epoch: [289][0/43] 	Time 3.104 (3.104)	CE_Loss 0.9940 (0.9940)	SCL_Loss 2.7890 (2.7890)	Prec@1 0.000 (0.000)	loss 3.6614
Epoch: [290][0/43] 	Time 3.132 (3.132)	CE_Loss 2.9965 (2.9965)	SCL_Loss 2.7842 (2.7842)	Prec@1 0.000 (0.000)	loss 7.6634
Epoch: [291][0/43] 	Time 3.079 (3.079)	CE_Loss 2.8259 (2.8259)	SCL_Loss 2.7054 (2.7054)	Prec@1 0.000 (0.000)	loss 7.2751
Epoch: [292][0/43] 	Time 2.936 (2.936)	CE_Loss 1.0109 (1.0109)	SCL_Loss 2.6257 (2.6257)	Prec@1 0.000 (0.000)	loss 3.5972
Epoch: [293][0/43] 	Time 3.783 (3.783)	CE_Loss 3.6847 (3.6847)	SCL_Loss 2.7034 (2.7034)	Prec@1 0.000 (0.000)	loss 8.9915
Epoch: [294][0/43] 	Time 3.450 (3.450)	CE_Loss 3.4868 (3.4868)	SCL_Loss 2.7409 (2.7409)	Prec@1 0.000 (0.000)	loss 8.6182
Epoch: [295][0/43] 	Time 3.546 (3.546)	CE_Loss 1.1963 (1.1963)	SCL_Loss 2.9568 (2.9568)	Prec@1 0.000 (0.000)	loss 4.1668
Epoch: [296][0/43] 	Time 4.281 (4.281)	CE_Loss 1.1283 (1.1283)	SCL_Loss 2.8350 (2.8350)	Prec@1 0.000 (0.000)	loss 3.9577
Epoch: [297][0/43] 	Time 3.822 (3.822)	CE_Loss 3.6222 (3.6222)	SCL_Loss 2.7838 (2.7838)	Prec@1 0.000 (0.000)	loss 8.9147
Epoch: [298][0/43] 	Time 3.653 (3.653)	CE_Loss 1.2749 (1.2749)	SCL_Loss 2.8739 (2.8739)	Prec@1 0.000 (0.000)	loss 4.2740
Epoch: [299][0/43] 	Time 3.083 (3.083)	CE_Loss 2.9658 (2.9658)	SCL_Loss 2.9011 (2.9011)	Prec@1 0.000 (0.000)	loss 7.6723
Best Prec@1: 43.420, Many Prec@1: 0.535, Med Prec@1: 0.414, Few Prec@1: 0.340
Epoch: [300][0/43] 	Time 3.017 (3.017)	CE_Loss 0.9223 (0.9223)	SCL_Loss 2.6870 (2.6870)	Prec@1 0.000 (0.000)	loss 3.4567
Epoch: [301][0/43] 	Time 3.333 (3.333)	CE_Loss 3.4959 (3.4959)	SCL_Loss 2.6162 (2.6162)	Prec@1 0.000 (0.000)	loss 8.5616
Epoch: [302][0/43] 	Time 3.797 (3.797)	CE_Loss 1.2102 (1.2102)	SCL_Loss 2.8928 (2.8928)	Prec@1 0.000 (0.000)	loss 4.1561
Epoch: [303][0/43] 	Time 3.425 (3.425)	CE_Loss 1.0824 (1.0824)	SCL_Loss 2.8666 (2.8666)	Prec@1 0.000 (0.000)	loss 3.8848
Epoch: [304][0/43] 	Time 3.799 (3.799)	CE_Loss 3.5328 (3.5328)	SCL_Loss 2.7543 (2.7543)	Prec@1 0.000 (0.000)	loss 8.7182
Epoch: [305][0/43] 	Time 4.826 (4.826)	CE_Loss 1.2597 (1.2597)	SCL_Loss 2.7773 (2.7773)	Prec@1 0.000 (0.000)	loss 4.1857
Epoch: [306][0/43] 	Time 3.457 (3.457)	CE_Loss 1.1876 (1.1876)	SCL_Loss 2.7106 (2.7106)	Prec@1 0.000 (0.000)	loss 4.0015
Epoch: [307][0/43] 	Time 2.842 (2.842)	CE_Loss 2.9058 (2.9058)	SCL_Loss 2.8245 (2.8245)	Prec@1 0.000 (0.000)	loss 7.5062
Epoch: [308][0/43] 	Time 3.384 (3.384)	CE_Loss 1.0688 (1.0688)	SCL_Loss 2.5791 (2.5791)	Prec@1 0.000 (0.000)	loss 3.6852
Epoch: [309][0/43] 	Time 3.120 (3.120)	CE_Loss 2.0987 (2.0987)	SCL_Loss 2.8377 (2.8377)	Prec@1 0.000 (0.000)	loss 5.9001
Epoch: [310][0/43] 	Time 2.879 (2.879)	CE_Loss 3.2328 (3.2328)	SCL_Loss 2.8787 (2.8787)	Prec@1 0.000 (0.000)	loss 8.1928
Epoch: [311][0/43] 	Time 2.919 (2.919)	CE_Loss 3.5559 (3.5559)	SCL_Loss 2.7510 (2.7510)	Prec@1 0.000 (0.000)	loss 8.7624
Epoch: [312][0/43] 	Time 3.230 (3.230)	CE_Loss 2.8819 (2.8819)	SCL_Loss 2.9466 (2.9466)	Prec@1 0.000 (0.000)	loss 7.5319
Epoch: [313][0/43] 	Time 3.263 (3.263)	CE_Loss 3.4495 (3.4495)	SCL_Loss 2.9056 (2.9056)	Prec@1 0.000 (0.000)	loss 8.6424
Epoch: [314][0/43] 	Time 3.288 (3.288)	CE_Loss 1.1094 (1.1094)	SCL_Loss 2.8642 (2.8642)	Prec@1 0.000 (0.000)	loss 3.9373
Epoch: [315][0/43] 	Time 3.681 (3.681)	CE_Loss 1.4424 (1.4424)	SCL_Loss 2.8196 (2.8196)	Prec@1 0.000 (0.000)	loss 4.5765
Epoch: [316][0/43] 	Time 4.331 (4.331)	CE_Loss 3.0901 (3.0901)	SCL_Loss 2.8683 (2.8683)	Prec@1 0.000 (0.000)	loss 7.9012
Epoch: [317][0/43] 	Time 3.715 (3.715)	CE_Loss 1.1373 (1.1373)	SCL_Loss 2.8692 (2.8692)	Prec@1 0.000 (0.000)	loss 3.9961
Epoch: [318][0/43] 	Time 4.059 (4.059)	CE_Loss 1.6770 (1.6770)	SCL_Loss 2.6323 (2.6323)	Prec@1 0.000 (0.000)	loss 4.9334
Epoch: [319][0/43] 	Time 3.686 (3.686)	CE_Loss 3.5556 (3.5556)	SCL_Loss 2.8328 (2.8328)	Prec@1 0.000 (0.000)	loss 8.8109
Epoch: [320][0/43] 	Time 3.797 (3.797)	CE_Loss 3.1518 (3.1518)	SCL_Loss 2.7437 (2.7437)	Prec@1 0.000 (0.000)	loss 7.9498
Epoch: [321][0/43] 	Time 3.044 (3.044)	CE_Loss 3.3808 (3.3808)	SCL_Loss 2.8069 (2.8069)	Prec@1 0.000 (0.000)	loss 8.4458
Epoch: [322][0/43] 	Time 4.073 (4.073)	CE_Loss 1.2346 (1.2346)	SCL_Loss 2.8180 (2.8180)	Prec@1 0.000 (0.000)	loss 4.1600
Epoch: [323][0/43] 	Time 3.698 (3.698)	CE_Loss 3.8858 (3.8858)	SCL_Loss 2.8781 (2.8781)	Prec@1 0.000 (0.000)	loss 9.4984
Epoch: [324][0/43] 	Time 3.680 (3.680)	CE_Loss 1.0032 (1.0032)	SCL_Loss 2.6609 (2.6609)	Prec@1 0.000 (0.000)	loss 3.6030
Epoch: [325][0/43] 	Time 4.506 (4.506)	CE_Loss 1.0663 (1.0663)	SCL_Loss 2.7942 (2.7942)	Prec@1 0.000 (0.000)	loss 3.8091
Epoch: [326][0/43] 	Time 4.452 (4.452)	CE_Loss 1.1751 (1.1751)	SCL_Loss 2.8548 (2.8548)	Prec@1 0.000 (0.000)	loss 4.0631
Epoch: [327][0/43] 	Time 4.133 (4.133)	CE_Loss 1.0670 (1.0670)	SCL_Loss 2.8977 (2.8977)	Prec@1 0.000 (0.000)	loss 3.8726
Epoch: [328][0/43] 	Time 4.910 (4.910)	CE_Loss 3.2130 (3.2130)	SCL_Loss 2.6441 (2.6441)	Prec@1 0.000 (0.000)	loss 8.0125
Epoch: [329][0/43] 	Time 4.441 (4.441)	CE_Loss 2.0440 (2.0440)	SCL_Loss 2.8048 (2.8048)	Prec@1 0.000 (0.000)	loss 5.7709
Epoch: [330][0/43] 	Time 4.022 (4.022)	CE_Loss 1.2040 (1.2040)	SCL_Loss 2.8935 (2.8935)	Prec@1 0.000 (0.000)	loss 4.1441
Epoch: [331][0/43] 	Time 3.780 (3.780)	CE_Loss 1.2296 (1.2296)	SCL_Loss 2.7702 (2.7702)	Prec@1 0.000 (0.000)	loss 4.1214
Best Prec@1: 43.930, Many Prec@1: 0.580, Med Prec@1: 0.413, Few Prec@1: 0.306
Epoch: [332][0/43] 	Time 3.280 (3.280)	CE_Loss 3.5160 (3.5160)	SCL_Loss 2.7138 (2.7138)	Prec@1 0.000 (0.000)	loss 8.6602
Epoch: [333][0/43] 	Time 3.468 (3.468)	CE_Loss 3.7182 (3.7182)	SCL_Loss 2.7365 (2.7365)	Prec@1 0.000 (0.000)	loss 9.0783
Epoch: [334][0/43] 	Time 3.330 (3.330)	CE_Loss 1.6718 (1.6718)	SCL_Loss 2.8081 (2.8081)	Prec@1 0.000 (0.000)	loss 5.0285
Epoch: [335][0/43] 	Time 3.232 (3.232)	CE_Loss 0.9774 (0.9774)	SCL_Loss 2.7071 (2.7071)	Prec@1 0.000 (0.000)	loss 3.5791
Epoch: [336][0/43] 	Time 3.770 (3.770)	CE_Loss 1.1630 (1.1630)	SCL_Loss 2.8219 (2.8219)	Prec@1 0.000 (0.000)	loss 4.0191
Epoch: [337][0/43] 	Time 3.450 (3.450)	CE_Loss 3.5046 (3.5046)	SCL_Loss 2.8565 (2.8565)	Prec@1 0.000 (0.000)	loss 8.7231
Epoch: [338][0/43] 	Time 3.639 (3.639)	CE_Loss 2.6673 (2.6673)	SCL_Loss 2.7793 (2.7793)	Prec@1 0.000 (0.000)	loss 7.0021
Epoch: [339][0/43] 	Time 5.052 (5.052)	CE_Loss 1.0456 (1.0456)	SCL_Loss 2.7409 (2.7409)	Prec@1 0.000 (0.000)	loss 3.7358
Epoch: [340][0/43] 	Time 5.262 (5.262)	CE_Loss 3.6773 (3.6773)	SCL_Loss 2.7491 (2.7491)	Prec@1 0.000 (0.000)	loss 9.0040
Epoch: [341][0/43] 	Time 6.016 (6.016)	CE_Loss 0.8639 (0.8639)	SCL_Loss 2.7841 (2.7841)	Prec@1 0.000 (0.000)	loss 3.3983
Epoch: [342][0/43] 	Time 5.079 (5.079)	CE_Loss 3.2880 (3.2880)	SCL_Loss 2.9669 (2.9669)	Prec@1 0.000 (0.000)	loss 8.3561
Epoch: [343][0/43] 	Time 3.830 (3.830)	CE_Loss 3.4133 (3.4133)	SCL_Loss 2.9421 (2.9421)	Prec@1 0.000 (0.000)	loss 8.5918
Epoch: [344][0/43] 	Time 2.847 (2.847)	CE_Loss 3.0883 (3.0883)	SCL_Loss 2.9465 (2.9465)	Prec@1 0.000 (0.000)	loss 7.9445
Epoch: [345][0/43] 	Time 3.060 (3.060)	CE_Loss 1.9086 (1.9086)	SCL_Loss 2.7187 (2.7187)	Prec@1 0.000 (0.000)	loss 5.4484
Epoch: [346][0/43] 	Time 3.355 (3.355)	CE_Loss 1.0132 (1.0132)	SCL_Loss 2.6832 (2.6832)	Prec@1 0.000 (0.000)	loss 3.6364
Epoch: [347][0/43] 	Time 3.327 (3.327)	CE_Loss 3.0900 (3.0900)	SCL_Loss 2.7741 (2.7741)	Prec@1 0.000 (0.000)	loss 7.8444
Epoch: [348][0/43] 	Time 2.914 (2.914)	CE_Loss 1.0619 (1.0619)	SCL_Loss 2.6512 (2.6512)	Prec@1 0.000 (0.000)	loss 3.7144
Epoch: [349][0/43] 	Time 3.202 (3.202)	CE_Loss 1.2798 (1.2798)	SCL_Loss 2.9307 (2.9307)	Prec@1 0.000 (0.000)	loss 4.3181
Epoch: [350][0/43] 	Time 3.796 (3.796)	CE_Loss 0.9285 (0.9285)	SCL_Loss 2.8050 (2.8050)	Prec@1 0.000 (0.000)	loss 3.5400
Epoch: [351][0/43] 	Time 4.418 (4.418)	CE_Loss 1.1059 (1.1059)	SCL_Loss 2.7040 (2.7040)	Prec@1 0.000 (0.000)	loss 3.8342
Epoch: [352][0/43] 	Time 4.665 (4.665)	CE_Loss 3.0742 (3.0742)	SCL_Loss 2.5302 (2.5302)	Prec@1 0.000 (0.000)	loss 7.6664
Epoch: [353][0/43] 	Time 4.372 (4.372)	CE_Loss 1.2371 (1.2371)	SCL_Loss 2.9671 (2.9671)	Prec@1 0.000 (0.000)	loss 4.2544
Epoch: [354][0/43] 	Time 4.389 (4.389)	CE_Loss 3.4302 (3.4302)	SCL_Loss 2.7001 (2.7001)	Prec@1 0.000 (0.000)	loss 8.4804
Epoch: [355][0/43] 	Time 4.033 (4.033)	CE_Loss 3.1040 (3.1040)	SCL_Loss 2.8137 (2.8137)	Prec@1 0.000 (0.000)	loss 7.8962
Epoch: [356][0/43] 	Time 3.692 (3.692)	CE_Loss 3.6435 (3.6435)	SCL_Loss 2.6996 (2.6996)	Prec@1 0.000 (0.000)	loss 8.9068
Epoch: [357][0/43] 	Time 3.394 (3.394)	CE_Loss 2.3893 (2.3893)	SCL_Loss 2.7734 (2.7734)	Prec@1 0.000 (0.000)	loss 6.4426
Epoch: [358][0/43] 	Time 3.633 (3.633)	CE_Loss 1.1310 (1.1310)	SCL_Loss 2.6393 (2.6393)	Prec@1 0.000 (0.000)	loss 3.8456
Epoch: [359][0/43] 	Time 3.839 (3.839)	CE_Loss 1.0373 (1.0373)	SCL_Loss 2.6851 (2.6851)	Prec@1 0.000 (0.000)	loss 3.6856
Epoch: [360][0/43] 	Time 3.696 (3.696)	CE_Loss 3.0425 (3.0425)	SCL_Loss 2.6988 (2.6988)	Prec@1 0.000 (0.000)	loss 7.7042
Best Prec@1: 51.430, Many Prec@1: 0.667, Med Prec@1: 0.481, Few Prec@1: 0.376
Epoch: [361][0/43] 	Time 3.230 (3.230)	CE_Loss 0.6954 (0.6954)	SCL_Loss 2.4661 (2.4661)	Prec@1 0.000 (0.000)	loss 2.8704
Best Prec@1: 52.160, Many Prec@1: 0.651, Med Prec@1: 0.500, Few Prec@1: 0.395
Epoch: [362][0/43] 	Time 3.891 (3.891)	CE_Loss 3.1480 (3.1480)	SCL_Loss 2.4077 (2.4077)	Prec@1 0.000 (0.000)	loss 7.7405
Best Prec@1: 52.820, Many Prec@1: 0.651, Med Prec@1: 0.494, Few Prec@1: 0.425
Epoch: [363][0/43] 	Time 4.526 (4.526)	CE_Loss 1.4120 (1.4120)	SCL_Loss 2.4677 (2.4677)	Prec@1 0.000 (0.000)	loss 4.3045
Best Prec@1: 53.140, Many Prec@1: 0.685, Med Prec@1: 0.488, Few Prec@1: 0.403
Epoch: [364][0/43] 	Time 5.501 (5.501)	CE_Loss 2.9030 (2.9030)	SCL_Loss 2.1749 (2.1749)	Prec@1 0.000 (0.000)	loss 7.1110
Best Prec@1: 53.410, Many Prec@1: 0.673, Med Prec@1: 0.507, Few Prec@1: 0.403
Epoch: [365][0/43] 	Time 5.836 (5.836)	CE_Loss 1.8976 (1.8976)	SCL_Loss 2.2712 (2.2712)	Prec@1 0.000 (0.000)	loss 5.1580
Epoch: [366][0/43] 	Time 5.057 (5.057)	CE_Loss 1.9787 (1.9787)	SCL_Loss 2.3217 (2.3217)	Prec@1 0.000 (0.000)	loss 5.3504
Best Prec@1: 53.470, Many Prec@1: 0.690, Med Prec@1: 0.502, Few Prec@1: 0.392
Epoch: [367][0/43] 	Time 5.128 (5.128)	CE_Loss 0.6924 (0.6924)	SCL_Loss 2.2646 (2.2646)	Prec@1 0.000 (0.000)	loss 2.7435
Epoch: [368][0/43] 	Time 3.946 (3.946)	CE_Loss 0.6401 (0.6401)	SCL_Loss 2.2679 (2.2679)	Prec@1 0.000 (0.000)	loss 2.6409
Epoch: [369][0/43] 	Time 3.112 (3.112)	CE_Loss 1.9810 (1.9810)	SCL_Loss 2.1476 (2.1476)	Prec@1 0.000 (0.000)	loss 5.2505
Epoch: [370][0/43] 	Time 2.979 (2.979)	CE_Loss 0.6622 (0.6622)	SCL_Loss 2.0908 (2.0908)	Prec@1 0.000 (0.000)	loss 2.5788
Epoch: [371][0/43] 	Time 2.957 (2.957)	CE_Loss 3.2551 (3.2551)	SCL_Loss 2.2168 (2.2168)	Prec@1 0.000 (0.000)	loss 7.8403
Epoch: [372][0/43] 	Time 3.044 (3.044)	CE_Loss 1.8731 (1.8731)	SCL_Loss 2.1297 (2.1297)	Prec@1 0.000 (0.000)	loss 5.0239
Epoch: [373][0/43] 	Time 2.979 (2.979)	CE_Loss 1.7054 (1.7054)	SCL_Loss 2.0873 (2.0873)	Prec@1 0.000 (0.000)	loss 4.6631
Best Prec@1: 53.700, Many Prec@1: 0.679, Med Prec@1: 0.511, Few Prec@1: 0.401
Epoch: [374][0/43] 	Time 3.035 (3.035)	CE_Loss 0.6757 (0.6757)	SCL_Loss 2.1439 (2.1439)	Prec@1 0.000 (0.000)	loss 2.6377
Epoch: [375][0/43] 	Time 2.788 (2.788)	CE_Loss 2.8224 (2.8224)	SCL_Loss 2.2233 (2.2233)	Prec@1 0.000 (0.000)	loss 6.9789
Epoch: [376][0/43] 	Time 2.914 (2.914)	CE_Loss 0.6830 (0.6830)	SCL_Loss 2.1209 (2.1209)	Prec@1 0.000 (0.000)	loss 2.6385
Epoch: [377][0/43] 	Time 2.986 (2.986)	CE_Loss 0.6399 (0.6399)	SCL_Loss 2.3455 (2.3455)	Prec@1 0.000 (0.000)	loss 2.6872
Epoch: [378][0/43] 	Time 3.697 (3.697)	CE_Loss 2.1593 (2.1593)	SCL_Loss 2.2286 (2.2286)	Prec@1 0.000 (0.000)	loss 5.6557
Epoch: [379][0/43] 	Time 2.969 (2.969)	CE_Loss 2.7984 (2.7984)	SCL_Loss 2.1952 (2.1952)	Prec@1 0.000 (0.000)	loss 6.9139
Best Prec@1: 53.880, Many Prec@1: 0.679, Med Prec@1: 0.514, Few Prec@1: 0.404
Epoch: [380][0/43] 	Time 3.518 (3.518)	CE_Loss 2.0846 (2.0846)	SCL_Loss 2.1412 (2.1412)	Prec@1 0.000 (0.000)	loss 5.4539
Best Prec@1: 54.590, Many Prec@1: 0.690, Med Prec@1: 0.521, Few Prec@1: 0.407
Epoch: [381][0/43] 	Time 4.066 (4.066)	CE_Loss 0.5948 (0.5948)	SCL_Loss 1.9441 (1.9441)	Prec@1 0.000 (0.000)	loss 2.3560
Best Prec@1: 54.600, Many Prec@1: 0.694, Med Prec@1: 0.517, Few Prec@1: 0.407
Epoch: [382][0/43] 	Time 4.131 (4.131)	CE_Loss 1.8469 (1.8469)	SCL_Loss 2.1960 (2.1960)	Prec@1 0.000 (0.000)	loss 5.0114
Best Prec@1: 54.690, Many Prec@1: 0.686, Med Prec@1: 0.523, Few Prec@1: 0.413
Epoch: [383][0/43] 	Time 4.209 (4.209)	CE_Loss 3.1869 (3.1869)	SCL_Loss 1.9721 (1.9721)	Prec@1 0.000 (0.000)	loss 7.5570
Epoch: [384][0/43] 	Time 4.444 (4.444)	CE_Loss 3.1928 (3.1928)	SCL_Loss 2.0218 (2.0218)	Prec@1 0.000 (0.000)	loss 7.5986
Epoch: [385][0/43] 	Time 4.152 (4.152)	CE_Loss 2.1951 (2.1951)	SCL_Loss 1.9721 (1.9721)	Prec@1 0.000 (0.000)	loss 5.5735
Epoch: [386][0/43] 	Time 3.854 (3.854)	CE_Loss 0.5857 (0.5857)	SCL_Loss 2.0906 (2.0906)	Prec@1 0.000 (0.000)	loss 2.4257
Best Prec@1: 55.040, Many Prec@1: 0.686, Med Prec@1: 0.527, Few Prec@1: 0.419
Epoch: [387][0/43] 	Time 3.792 (3.792)	CE_Loss 2.1896 (2.1896)	SCL_Loss 2.2803 (2.2803)	Prec@1 0.000 (0.000)	loss 5.7473
Epoch: [388][0/43] 	Time 3.037 (3.037)	CE_Loss 3.2339 (3.2339)	SCL_Loss 2.1125 (2.1125)	Prec@1 0.000 (0.000)	loss 7.7353
Best Prec@1: 55.060, Many Prec@1: 0.690, Med Prec@1: 0.528, Few Prec@1: 0.414
Epoch: [389][0/43] 	Time 3.405 (3.405)	CE_Loss 0.6347 (0.6347)	SCL_Loss 1.9938 (1.9938)	Prec@1 0.000 (0.000)	loss 2.4658
Epoch: [390][0/43] 	Time 3.009 (3.009)	CE_Loss 1.2487 (1.2487)	SCL_Loss 2.0622 (2.0622)	Prec@1 0.000 (0.000)	loss 3.7346
Epoch: [391][0/43] 	Time 3.063 (3.063)	CE_Loss 0.6678 (0.6678)	SCL_Loss 2.0852 (2.0852)	Prec@1 0.000 (0.000)	loss 2.5867
Epoch: [392][0/43] 	Time 2.911 (2.911)	CE_Loss 1.2395 (1.2395)	SCL_Loss 2.0202 (2.0202)	Prec@1 0.000 (0.000)	loss 3.6910
Epoch: [393][0/43] 	Time 3.155 (3.155)	CE_Loss 0.6705 (0.6705)	SCL_Loss 2.2607 (2.2607)	Prec@1 0.000 (0.000)	loss 2.6973
Epoch: [394][0/43] 	Time 3.162 (3.162)	CE_Loss 2.9646 (2.9646)	SCL_Loss 2.0143 (2.0143)	Prec@1 0.000 (0.000)	loss 7.1378
Epoch: [395][0/43] 	Time 3.037 (3.037)	CE_Loss 3.2204 (3.2204)	SCL_Loss 1.9412 (1.9412)	Prec@1 0.000 (0.000)	loss 7.6055
Epoch: [396][0/43] 	Time 3.186 (3.186)	CE_Loss 0.6934 (0.6934)	SCL_Loss 2.0993 (2.0993)	Prec@1 0.000 (0.000)	loss 2.6463
Epoch: [397][0/43] 	Time 2.930 (2.930)	CE_Loss 3.1260 (3.1260)	SCL_Loss 2.2506 (2.2506)	Prec@1 0.000 (0.000)	loss 7.6023
Epoch: [398][0/43] 	Time 3.285 (3.285)	CE_Loss 3.2439 (3.2439)	SCL_Loss 2.1153 (2.1153)	Prec@1 0.000 (0.000)	loss 7.7569
Epoch: [399][0/43] 	Time 2.996 (2.996)	CE_Loss 1.2014 (1.2014)	SCL_Loss 2.0322 (2.0322)	Prec@1 0.000 (0.000)	loss 3.6220

