Epoch: [0][0/49] 	Time 38.131 (38.131)	CE_Loss 2.5419 (2.5419)	SCL_Loss 4.3633 (4.3633)	Prec@1 0.000 (0.000)	loss 7.7017
Epoch: [0][34/49] 	Time 0.457 (1.438)	CE_Loss 1.8552 (2.3412)	SCL_Loss 2.2511 (2.3412)	Prec@1 0.391 (11.719)	loss 5.0610
Best Prec@1: 10.930, Many Prec@1: 0.002, Med Prec@1: 0.539, Few Prec@1: 0.000
Epoch: [1][0/49] 	Time 3.894 (3.894)	CE_Loss 1.5637 (1.5637)	SCL_Loss 2.1575 (2.1575)	Prec@1 0.000 (0.000)	loss 4.4218
Epoch: [1][34/49] 	Time 0.308 (0.365)	CE_Loss 1.4942 (1.6919)	SCL_Loss 2.1953 (2.1560)	Prec@1 13.281 (12.649)	loss 4.3055
Best Prec@1: 18.710, Many Prec@1: 0.112, Med Prec@1: 0.488, Few Prec@1: 0.000
Epoch: [2][0/49] 	Time 5.368 (5.368)	CE_Loss 1.6707 (1.6707)	SCL_Loss 2.0850 (2.0850)	Prec@1 0.000 (0.000)	loss 4.5925
Epoch: [2][34/49] 	Time 0.189 (0.413)	CE_Loss 1.4948 (1.6693)	SCL_Loss 2.0565 (2.1106)	Prec@1 2.734 (8.617)	loss 4.2236
Best Prec@1: 19.070, Many Prec@1: 0.075, Med Prec@1: 0.652, Few Prec@1: 0.000
Epoch: [3][0/49] 	Time 4.599 (4.599)	CE_Loss 1.5261 (1.5261)	SCL_Loss 2.0787 (2.0787)	Prec@1 0.000 (0.000)	loss 4.2993
Epoch: [3][34/49] 	Time 0.294 (0.471)	CE_Loss 1.3511 (1.7268)	SCL_Loss 2.1872 (2.0717)	Prec@1 8.203 (3.068)	loss 4.0146
Best Prec@1: 23.810, Many Prec@1: 0.236, Med Prec@1: 0.245, Few Prec@1: 0.000
Epoch: [4][0/49] 	Time 4.179 (4.179)	CE_Loss 2.2103 (2.2103)	SCL_Loss 2.1236 (2.1236)	Prec@1 0.000 (0.000)	loss 5.6947
Epoch: [4][34/49] 	Time 0.337 (0.369)	CE_Loss 1.3429 (1.8074)	SCL_Loss 2.1544 (2.0853)	Prec@1 1.562 (3.251)	loss 3.9784
Best Prec@1: 28.100, Many Prec@1: 0.284, Med Prec@1: 0.268, Few Prec@1: 0.000
Epoch: [5][0/49] 	Time 3.681 (3.681)	CE_Loss 1.3864 (1.3864)	SCL_Loss 2.0546 (2.0546)	Prec@1 0.000 (0.000)	loss 4.0056
Epoch: [5][34/49] 	Time 0.165 (0.300)	CE_Loss 1.9236 (1.5461)	SCL_Loss 1.9693 (2.0479)	Prec@1 32.422 (17.096)	loss 5.0287
Epoch: [6][0/49] 	Time 4.460 (4.460)	CE_Loss 1.9965 (1.9965)	SCL_Loss 2.1054 (2.1054)	Prec@1 0.000 (0.000)	loss 5.2563
Epoch: [6][34/49] 	Time 0.199 (0.329)	CE_Loss 1.1371 (1.5935)	SCL_Loss 1.9666 (2.0105)	Prec@1 19.531 (8.973)	loss 3.4541
Epoch: [7][0/49] 	Time 4.634 (4.634)	CE_Loss 1.9638 (1.9638)	SCL_Loss 1.8803 (1.8803)	Prec@1 0.000 (0.000)	loss 5.0557
Epoch: [7][34/49] 	Time 0.144 (0.361)	CE_Loss 1.6738 (1.5580)	SCL_Loss 1.9955 (1.9448)	Prec@1 8.203 (11.397)	loss 4.5449
Epoch: [8][0/49] 	Time 4.645 (4.645)	CE_Loss 1.3334 (1.3334)	SCL_Loss 1.9746 (1.9746)	Prec@1 0.000 (0.000)	loss 3.8515
Epoch: [8][34/49] 	Time 0.135 (0.362)	CE_Loss 1.3209 (1.5368)	SCL_Loss 2.1423 (1.9646)	Prec@1 2.734 (23.736)	loss 3.9271
Best Prec@1: 30.090, Many Prec@1: 0.253, Med Prec@1: 0.493, Few Prec@1: 0.000
Epoch: [9][0/49] 	Time 4.559 (4.559)	CE_Loss 2.0594 (2.0594)	SCL_Loss 1.9513 (1.9513)	Prec@1 0.000 (0.000)	loss 5.2895
Epoch: [9][34/49] 	Time 0.138 (0.346)	CE_Loss 2.3428 (1.4373)	SCL_Loss 1.7567 (1.9194)	Prec@1 41.797 (26.930)	loss 5.7397
Best Prec@1: 35.090, Many Prec@1: 0.335, Med Prec@1: 0.413, Few Prec@1: 0.000
Epoch: [10][0/49] 	Time 10.268 (10.268)	CE_Loss 1.0884 (1.0884)	SCL_Loss 1.9984 (1.9984)	Prec@1 0.000 (0.000)	loss 3.3758
Epoch: [10][34/49] 	Time 0.397 (0.709)	CE_Loss 1.7594 (1.4753)	SCL_Loss 1.9559 (1.9152)	Prec@1 39.453 (19.256)	loss 4.6924
Epoch: [11][0/49] 	Time 6.863 (6.863)	CE_Loss 1.8519 (1.8519)	SCL_Loss 1.8324 (1.8324)	Prec@1 0.000 (0.000)	loss 4.8033
Epoch: [11][34/49] 	Time 0.292 (0.628)	CE_Loss 0.9125 (1.4798)	SCL_Loss 1.7994 (1.8853)	Prec@1 34.375 (16.337)	loss 2.9047
Epoch: [12][0/49] 	Time 10.858 (10.858)	CE_Loss 1.9741 (1.9741)	SCL_Loss 1.9151 (1.9151)	Prec@1 0.000 (0.000)	loss 5.0972
Epoch: [12][34/49] 	Time 0.334 (0.730)	CE_Loss 1.8980 (1.3185)	SCL_Loss 1.8445 (1.8610)	Prec@1 20.312 (34.869)	loss 4.9027
Epoch: [13][0/49] 	Time 6.377 (6.377)	CE_Loss 1.0533 (1.0533)	SCL_Loss 1.7040 (1.7040)	Prec@1 0.000 (0.000)	loss 3.1289
Epoch: [13][34/49] 	Time 0.518 (0.912)	CE_Loss 1.9704 (1.4079)	SCL_Loss 1.7971 (1.8103)	Prec@1 10.938 (17.256)	loss 5.0191
Epoch: [14][0/49] 	Time 10.801 (10.801)	CE_Loss 1.9597 (1.9597)	SCL_Loss 1.8597 (1.8597)	Prec@1 0.000 (0.000)	loss 5.0353
Epoch: [14][34/49] 	Time 0.308 (0.761)	CE_Loss 0.9670 (1.4317)	SCL_Loss 1.9108 (1.8105)	Prec@1 4.688 (18.761)	loss 3.0805
Best Prec@1: 39.470, Many Prec@1: 0.340, Med Prec@1: 0.616, Few Prec@1: 0.000
Epoch: [15][0/49] 	Time 7.289 (7.289)	CE_Loss 1.0195 (1.0195)	SCL_Loss 1.9308 (1.9308)	Prec@1 0.000 (0.000)	loss 3.1974
Epoch: [15][34/49] 	Time 0.421 (1.058)	CE_Loss 2.2124 (1.3427)	SCL_Loss 1.8300 (1.7748)	Prec@1 45.312 (24.609)	loss 5.5228
Best Prec@1: 41.990, Many Prec@1: 0.362, Med Prec@1: 0.651, Few Prec@1: 0.000
Epoch: [16][0/49] 	Time 11.819 (11.819)	CE_Loss 1.0046 (1.0046)	SCL_Loss 1.8097 (1.8097)	Prec@1 0.000 (0.000)	loss 3.0951
Epoch: [16][34/49] 	Time 0.319 (0.786)	CE_Loss 1.1078 (1.2936)	SCL_Loss 1.8872 (1.7641)	Prec@1 12.891 (33.904)	loss 3.3479
Best Prec@1: 46.860, Many Prec@1: 0.428, Med Prec@1: 0.630, Few Prec@1: 0.000
Epoch: [17][0/49] 	Time 6.006 (6.006)	CE_Loss 0.9849 (0.9849)	SCL_Loss 1.7844 (1.7844)	Prec@1 0.000 (0.000)	loss 3.0405
Epoch: [17][34/49] 	Time 0.393 (1.063)	CE_Loss 0.7849 (1.2072)	SCL_Loss 1.5416 (1.7410)	Prec@1 66.016 (39.740)	loss 2.4948
Epoch: [18][0/49] 	Time 10.534 (10.534)	CE_Loss 0.8999 (0.8999)	SCL_Loss 1.7273 (1.7273)	Prec@1 0.000 (0.000)	loss 2.8362
Epoch: [18][34/49] 	Time 0.378 (0.880)	CE_Loss 1.0631 (1.1870)	SCL_Loss 1.7315 (1.6945)	Prec@1 45.312 (35.903)	loss 3.1650
Epoch: [19][0/49] 	Time 5.832 (5.832)	CE_Loss 1.1378 (1.1378)	SCL_Loss 1.7736 (1.7736)	Prec@1 0.000 (0.000)	loss 3.3398
Epoch: [19][34/49] 	Time 0.313 (0.616)	CE_Loss 1.8980 (1.3362)	SCL_Loss 1.5758 (1.6491)	Prec@1 34.766 (25.172)	loss 4.7415
Epoch: [20][0/49] 	Time 4.026 (4.026)	CE_Loss 1.2161 (1.2161)	SCL_Loss 1.7002 (1.7002)	Prec@1 0.000 (0.000)	loss 3.4523
Epoch: [20][34/49] 	Time 0.378 (0.468)	CE_Loss 0.9912 (1.2526)	SCL_Loss 1.6212 (1.6591)	Prec@1 10.547 (32.525)	loss 2.9552
Best Prec@1: 53.660, Many Prec@1: 0.528, Med Prec@1: 0.573, Few Prec@1: 0.000
Epoch: [21][0/49] 	Time 3.583 (3.583)	CE_Loss 1.4397 (1.4397)	SCL_Loss 1.6455 (1.6455)	Prec@1 0.000 (0.000)	loss 3.8668
Epoch: [21][34/49] 	Time 0.287 (0.452)	CE_Loss 0.8106 (1.2046)	SCL_Loss 1.6054 (1.5973)	Prec@1 62.109 (34.697)	loss 2.5844
Epoch: [22][0/49] 	Time 5.375 (5.375)	CE_Loss 0.7902 (0.7902)	SCL_Loss 1.5795 (1.5795)	Prec@1 0.000 (0.000)	loss 2.5281
Epoch: [22][34/49] 	Time 0.357 (0.474)	CE_Loss 1.2699 (1.3462)	SCL_Loss 1.6053 (1.6105)	Prec@1 3.906 (28.895)	loss 3.5029
Best Prec@1: 55.540, Many Prec@1: 0.555, Med Prec@1: 0.557, Few Prec@1: 0.000
Epoch: [23][0/49] 	Time 5.006 (5.006)	CE_Loss 0.8059 (0.8059)	SCL_Loss 1.5909 (1.5909)	Prec@1 0.000 (0.000)	loss 2.5662
Epoch: [23][34/49] 	Time 0.266 (0.480)	CE_Loss 0.7428 (1.0243)	SCL_Loss 1.7698 (1.5871)	Prec@1 64.844 (48.541)	loss 2.5475
Epoch: [24][0/49] 	Time 5.722 (5.722)	CE_Loss 1.7791 (1.7791)	SCL_Loss 1.6106 (1.6106)	Prec@1 0.000 (0.000)	loss 4.5247
Epoch: [24][34/49] 	Time 0.294 (0.497)	CE_Loss 1.6750 (1.2484)	SCL_Loss 1.6038 (1.5359)	Prec@1 6.641 (36.179)	loss 4.3122
Epoch: [25][0/49] 	Time 4.965 (4.965)	CE_Loss 0.7990 (0.7990)	SCL_Loss 1.5677 (1.5677)	Prec@1 0.000 (0.000)	loss 2.5387
Epoch: [25][34/49] 	Time 0.292 (0.458)	CE_Loss 0.7915 (1.2735)	SCL_Loss 1.5163 (1.5757)	Prec@1 45.312 (31.112)	loss 2.4927
Epoch: [26][0/49] 	Time 4.656 (4.656)	CE_Loss 1.5777 (1.5777)	SCL_Loss 1.3209 (1.3209)	Prec@1 0.000 (0.000)	loss 3.9479
Epoch: [26][34/49] 	Time 0.308 (0.419)	CE_Loss 0.9383 (1.1701)	SCL_Loss 1.5278 (1.4929)	Prec@1 35.938 (42.773)	loss 2.7934
Best Prec@1: 59.380, Many Prec@1: 0.548, Med Prec@1: 0.776, Few Prec@1: 0.000
Epoch: [27][0/49] 	Time 3.896 (3.896)	CE_Loss 0.6011 (0.6011)	SCL_Loss 1.2889 (1.2889)	Prec@1 0.000 (0.000)	loss 1.9756
Epoch: [27][34/49] 	Time 0.303 (0.405)	CE_Loss 0.7384 (1.1276)	SCL_Loss 1.6670 (1.5610)	Prec@1 54.297 (40.763)	loss 2.4770
Epoch: [28][0/49] 	Time 4.267 (4.267)	CE_Loss 1.5180 (1.5180)	SCL_Loss 1.3731 (1.3731)	Prec@1 0.000 (0.000)	loss 3.8598
Epoch: [28][34/49] 	Time 0.307 (0.435)	CE_Loss 0.7255 (1.1016)	SCL_Loss 1.6224 (1.4563)	Prec@1 46.875 (43.842)	loss 2.4245
Best Prec@1: 61.310, Many Prec@1: 0.624, Med Prec@1: 0.571, Few Prec@1: 0.000
Epoch: [29][0/49] 	Time 4.304 (4.304)	CE_Loss 1.1372 (1.1372)	SCL_Loss 1.5644 (1.5644)	Prec@1 0.000 (0.000)	loss 3.2130
Epoch: [29][34/49] 	Time 0.310 (0.408)	CE_Loss 2.0711 (0.9948)	SCL_Loss 1.4726 (1.5130)	Prec@1 67.578 (54.021)	loss 5.0257
Epoch: [30][0/49] 	Time 4.058 (4.058)	CE_Loss 0.6137 (0.6137)	SCL_Loss 1.4284 (1.4284)	Prec@1 0.000 (0.000)	loss 2.0844
Epoch: [30][34/49] 	Time 0.284 (0.408)	CE_Loss 0.6761 (1.1558)	SCL_Loss 1.2910 (1.4732)	Prec@1 50.000 (39.189)	loss 2.1269
Epoch: [31][0/49] 	Time 4.980 (4.980)	CE_Loss 0.7759 (0.7759)	SCL_Loss 1.4364 (1.4364)	Prec@1 0.000 (0.000)	loss 2.4136
Epoch: [31][34/49] 	Time 0.285 (0.429)	CE_Loss 0.6353 (1.1587)	SCL_Loss 1.3021 (1.4211)	Prec@1 29.297 (41.969)	loss 2.0518
Epoch: [32][0/49] 	Time 4.436 (4.436)	CE_Loss 0.9091 (0.9091)	SCL_Loss 1.3799 (1.3799)	Prec@1 0.000 (0.000)	loss 2.6461
Epoch: [32][34/49] 	Time 0.336 (0.437)	CE_Loss 0.5902 (1.0580)	SCL_Loss 1.2412 (1.4339)	Prec@1 18.359 (45.462)	loss 1.9251
Best Prec@1: 61.640, Many Prec@1: 0.577, Med Prec@1: 0.772, Few Prec@1: 0.000
Epoch: [33][0/49] 	Time 3.387 (3.387)	CE_Loss 0.6610 (0.6610)	SCL_Loss 1.3054 (1.3054)	Prec@1 0.000 (0.000)	loss 2.1052
Epoch: [33][34/49] 	Time 0.148 (0.348)	CE_Loss 0.6229 (1.0831)	SCL_Loss 1.4406 (1.4576)	Prec@1 24.219 (46.381)	loss 2.1101
Epoch: [34][0/49] 	Time 3.384 (3.384)	CE_Loss 0.6176 (0.6176)	SCL_Loss 1.3775 (1.3775)	Prec@1 0.000 (0.000)	loss 2.0616
Epoch: [34][34/49] 	Time 0.214 (0.322)	CE_Loss 1.6103 (1.1614)	SCL_Loss 1.5774 (1.4019)	Prec@1 40.234 (40.062)	loss 4.1670
Epoch: [35][0/49] 	Time 3.763 (3.763)	CE_Loss 1.8462 (1.8462)	SCL_Loss 1.3972 (1.3972)	Prec@1 0.000 (0.000)	loss 4.5306
Epoch: [35][34/49] 	Time 0.136 (0.319)	CE_Loss 2.1489 (1.0281)	SCL_Loss 1.5643 (1.3921)	Prec@1 78.125 (47.518)	loss 5.2364
Best Prec@1: 68.340, Many Prec@1: 0.670, Med Prec@1: 0.738, Few Prec@1: 0.000
Epoch: [36][0/49] 	Time 3.538 (3.538)	CE_Loss 0.6165 (0.6165)	SCL_Loss 1.5998 (1.5998)	Prec@1 0.000 (0.000)	loss 2.1930
Epoch: [36][34/49] 	Time 0.191 (0.373)	CE_Loss 1.9379 (1.2557)	SCL_Loss 1.3608 (1.3949)	Prec@1 8.203 (34.421)	loss 4.6923
Epoch: [37][0/49] 	Time 7.334 (7.334)	CE_Loss 0.6037 (0.6037)	SCL_Loss 1.3925 (1.3925)	Prec@1 0.000 (0.000)	loss 2.0428
Epoch: [37][34/49] 	Time 0.181 (0.471)	CE_Loss 1.3095 (1.0193)	SCL_Loss 1.3770 (1.4114)	Prec@1 6.641 (51.769)	loss 3.4451
Epoch: [38][0/49] 	Time 5.304 (5.304)	CE_Loss 0.6519 (0.6519)	SCL_Loss 1.5479 (1.5479)	Prec@1 0.000 (0.000)	loss 2.2325
Epoch: [38][34/49] 	Time 0.308 (0.524)	CE_Loss 0.7226 (1.2381)	SCL_Loss 1.5028 (1.3852)	Prec@1 15.234 (32.721)	loss 2.3468
Epoch: [39][0/49] 	Time 6.558 (6.558)	CE_Loss 1.6296 (1.6296)	SCL_Loss 1.3071 (1.3071)	Prec@1 0.000 (0.000)	loss 4.0436
Epoch: [39][34/49] 	Time 0.224 (0.474)	CE_Loss 0.5821 (1.1333)	SCL_Loss 1.3136 (1.3738)	Prec@1 4.688 (37.178)	loss 1.9523
Epoch: [40][0/49] 	Time 6.609 (6.609)	CE_Loss 0.5353 (0.5353)	SCL_Loss 1.3271 (1.3271)	Prec@1 0.000 (0.000)	loss 1.8668
Epoch: [40][34/49] 	Time 0.179 (0.422)	CE_Loss 1.6178 (1.0009)	SCL_Loss 1.3844 (1.4003)	Prec@1 77.734 (49.368)	loss 4.0662
Epoch: [41][0/49] 	Time 7.454 (7.454)	CE_Loss 0.5797 (0.5797)	SCL_Loss 1.1481 (1.1481)	Prec@1 0.000 (0.000)	loss 1.8482
Epoch: [41][34/49] 	Time 0.384 (0.491)	CE_Loss 1.7009 (1.0118)	SCL_Loss 1.4310 (1.3548)	Prec@1 63.672 (49.713)	loss 4.2604
Epoch: [42][0/49] 	Time 6.058 (6.058)	CE_Loss 0.5720 (0.5720)	SCL_Loss 1.2348 (1.2348)	Prec@1 0.000 (0.000)	loss 1.8849
Epoch: [42][34/49] 	Time 0.155 (0.458)	CE_Loss 0.5670 (0.9013)	SCL_Loss 1.3809 (1.3353)	Prec@1 49.609 (54.228)	loss 1.9626
Epoch: [43][0/49] 	Time 4.660 (4.660)	CE_Loss 1.6394 (1.6394)	SCL_Loss 1.4375 (1.4375)	Prec@1 0.000 (0.000)	loss 4.1413
Epoch: [43][34/49] 	Time 0.317 (0.390)	CE_Loss 1.4328 (1.0703)	SCL_Loss 1.4261 (1.3486)	Prec@1 67.188 (46.565)	loss 3.7213
Epoch: [44][0/49] 	Time 4.300 (4.300)	CE_Loss 1.7034 (1.7034)	SCL_Loss 1.2798 (1.2798)	Prec@1 0.000 (0.000)	loss 4.1746
Epoch: [44][34/49] 	Time 0.365 (0.554)	CE_Loss 0.6257 (1.1242)	SCL_Loss 1.4032 (1.3206)	Prec@1 7.812 (41.797)	loss 2.0933
Best Prec@1: 69.400, Many Prec@1: 0.657, Med Prec@1: 0.842, Few Prec@1: 0.000
Epoch: [45][0/49] 	Time 9.931 (9.931)	CE_Loss 0.5198 (0.5198)	SCL_Loss 1.1904 (1.1904)	Prec@1 0.000 (0.000)	loss 1.7539
Epoch: [45][34/49] 	Time 0.576 (0.776)	CE_Loss 1.7252 (1.0196)	SCL_Loss 1.4535 (1.3379)	Prec@1 66.406 (47.691)	loss 4.3224
Epoch: [46][0/49] 	Time 8.272 (8.272)	CE_Loss 1.5364 (1.5364)	SCL_Loss 1.4521 (1.4521)	Prec@1 0.000 (0.000)	loss 3.9440
Epoch: [46][34/49] 	Time 0.327 (0.607)	CE_Loss 0.6587 (1.0331)	SCL_Loss 1.4316 (1.3551)	Prec@1 36.719 (49.529)	loss 2.1763
Best Prec@1: 69.540, Many Prec@1: 0.685, Med Prec@1: 0.736, Few Prec@1: 0.000
Epoch: [47][0/49] 	Time 7.649 (7.649)	CE_Loss 1.6857 (1.6857)	SCL_Loss 1.3153 (1.3153)	Prec@1 0.000 (0.000)	loss 4.1606
Epoch: [47][34/49] 	Time 0.411 (0.588)	CE_Loss 0.5581 (0.8794)	SCL_Loss 1.1918 (1.3451)	Prec@1 49.609 (59.341)	loss 1.8313
Epoch: [48][0/49] 	Time 5.997 (5.997)	CE_Loss 1.5322 (1.5322)	SCL_Loss 1.3452 (1.3452)	Prec@1 0.000 (0.000)	loss 3.8715
Epoch: [48][34/49] 	Time 0.258 (0.553)	CE_Loss 1.0297 (1.0246)	SCL_Loss 1.4138 (1.3162)	Prec@1 8.984 (50.207)	loss 2.9076
Epoch: [49][0/49] 	Time 5.940 (5.940)	CE_Loss 0.6813 (0.6813)	SCL_Loss 1.1884 (1.1884)	Prec@1 0.000 (0.000)	loss 2.0756
Epoch: [49][34/49] 	Time 0.397 (0.588)	CE_Loss 0.4836 (0.9279)	SCL_Loss 1.3018 (1.3040)	Prec@1 70.312 (53.263)	loss 1.7483
Epoch: [50][0/49] 	Time 5.495 (5.495)	CE_Loss 1.1672 (1.1672)	SCL_Loss 1.5244 (1.5244)	Prec@1 0.000 (0.000)	loss 3.2490
Epoch: [50][34/49] 	Time 0.306 (0.575)	CE_Loss 0.4722 (0.9811)	SCL_Loss 1.2244 (1.3209)	Prec@1 74.219 (51.965)	loss 1.6791
Epoch: [51][0/49] 	Time 13.256 (13.256)	CE_Loss 0.5910 (0.5910)	SCL_Loss 1.4781 (1.4781)	Prec@1 0.000 (0.000)	loss 2.0688
Epoch: [51][34/49] 	Time 0.442 (0.908)	CE_Loss 1.1423 (0.9830)	SCL_Loss 1.3323 (1.3280)	Prec@1 24.609 (47.955)	loss 3.0840
Best Prec@1: 72.350, Many Prec@1: 0.696, Med Prec@1: 0.832, Few Prec@1: 0.000
Epoch: [52][0/49] 	Time 9.202 (9.202)	CE_Loss 0.5196 (0.5196)	SCL_Loss 1.3521 (1.3521)	Prec@1 0.000 (0.000)	loss 1.8504
Epoch: [52][34/49] 	Time 0.276 (0.691)	CE_Loss 0.4214 (0.8845)	SCL_Loss 1.2803 (1.2829)	Prec@1 79.688 (57.341)	loss 1.6111
Epoch: [53][0/49] 	Time 9.336 (9.336)	CE_Loss 0.5987 (0.5987)	SCL_Loss 1.3647 (1.3647)	Prec@1 0.000 (0.000)	loss 2.0162
Epoch: [53][34/49] 	Time 0.338 (0.897)	CE_Loss 1.6871 (0.9563)	SCL_Loss 1.4307 (1.2938)	Prec@1 64.844 (54.688)	loss 4.2326
Epoch: [54][0/49] 	Time 8.859 (8.859)	CE_Loss 0.5323 (0.5323)	SCL_Loss 1.0639 (1.0639)	Prec@1 0.000 (0.000)	loss 1.7030
Epoch: [54][34/49] 	Time 0.264 (0.599)	CE_Loss 1.4805 (1.1322)	SCL_Loss 1.4109 (1.3042)	Prec@1 53.516 (41.521)	loss 3.8076
Epoch: [55][0/49] 	Time 10.582 (10.582)	CE_Loss 0.6830 (0.6830)	SCL_Loss 1.2398 (1.2398)	Prec@1 0.000 (0.000)	loss 2.1098
Epoch: [55][34/49] 	Time 0.286 (0.829)	CE_Loss 0.6431 (0.9181)	SCL_Loss 1.3205 (1.2755)	Prec@1 69.531 (57.904)	loss 2.0786
Epoch: [56][0/49] 	Time 8.705 (8.705)	CE_Loss 0.4838 (0.4838)	SCL_Loss 1.2227 (1.2227)	Prec@1 0.000 (0.000)	loss 1.7012
Epoch: [56][34/49] 	Time 0.244 (0.711)	CE_Loss 0.5622 (0.8799)	SCL_Loss 1.2591 (1.2954)	Prec@1 76.172 (60.076)	loss 1.8798
Epoch: [57][0/49] 	Time 7.982 (7.982)	CE_Loss 0.4335 (0.4335)	SCL_Loss 1.2943 (1.2943)	Prec@1 0.000 (0.000)	loss 1.6436
Epoch: [57][34/49] 	Time 0.312 (0.703)	CE_Loss 0.4607 (0.8399)	SCL_Loss 1.2031 (1.2715)	Prec@1 32.422 (61.811)	loss 1.6432
Epoch: [58][0/49] 	Time 10.307 (10.307)	CE_Loss 0.4643 (0.4643)	SCL_Loss 1.2598 (1.2598)	Prec@1 0.000 (0.000)	loss 1.6844
Epoch: [58][34/49] 	Time 0.369 (0.778)	CE_Loss 1.5239 (0.9991)	SCL_Loss 1.3839 (1.2624)	Prec@1 78.906 (49.736)	loss 3.8781
Epoch: [59][0/49] 	Time 4.595 (4.595)	CE_Loss 0.4809 (0.4809)	SCL_Loss 1.2017 (1.2017)	Prec@1 0.000 (0.000)	loss 1.6827
Epoch: [59][34/49] 	Time 0.313 (0.471)	CE_Loss 0.4097 (0.9337)	SCL_Loss 1.2518 (1.2682)	Prec@1 12.500 (56.882)	loss 1.5705
Epoch: [60][0/49] 	Time 7.316 (7.316)	CE_Loss 1.6375 (1.6375)	SCL_Loss 1.1888 (1.1888)	Prec@1 0.000 (0.000)	loss 3.9883
Epoch: [60][34/49] 	Time 0.280 (0.619)	CE_Loss 1.8262 (0.8651)	SCL_Loss 1.2519 (1.2690)	Prec@1 65.234 (61.006)	loss 4.4035
Epoch: [61][0/49] 	Time 4.581 (4.581)	CE_Loss 0.5621 (0.5621)	SCL_Loss 1.1751 (1.1751)	Prec@1 0.000 (0.000)	loss 1.8292
Epoch: [61][34/49] 	Time 0.253 (0.301)	CE_Loss 1.7453 (0.9733)	SCL_Loss 1.3212 (1.2556)	Prec@1 5.469 (52.229)	loss 4.2834
Epoch: [62][0/49] 	Time 3.796 (3.796)	CE_Loss 1.4755 (1.4755)	SCL_Loss 1.1438 (1.1438)	Prec@1 0.000 (0.000)	loss 3.6373
Epoch: [62][34/49] 	Time 0.188 (0.273)	CE_Loss 0.4581 (1.0324)	SCL_Loss 1.3373 (1.2670)	Prec@1 76.172 (43.945)	loss 1.7187
Epoch: [63][0/49] 	Time 3.146 (3.146)	CE_Loss 1.3693 (1.3693)	SCL_Loss 1.1377 (1.1377)	Prec@1 0.000 (0.000)	loss 3.4213
Epoch: [63][34/49] 	Time 0.173 (0.290)	CE_Loss 1.6655 (0.8328)	SCL_Loss 1.2930 (1.2979)	Prec@1 59.375 (58.663)	loss 4.1068
Epoch: [64][0/49] 	Time 3.557 (3.557)	CE_Loss 0.4762 (0.4762)	SCL_Loss 1.3242 (1.3242)	Prec@1 0.000 (0.000)	loss 1.7470
Epoch: [64][34/49] 	Time 0.146 (0.277)	CE_Loss 0.3577 (0.8944)	SCL_Loss 1.1684 (1.2365)	Prec@1 85.938 (53.860)	loss 1.4165
Epoch: [65][0/49] 	Time 3.325 (3.325)	CE_Loss 1.5227 (1.5227)	SCL_Loss 1.2188 (1.2188)	Prec@1 0.000 (0.000)	loss 3.7766
Epoch: [65][34/49] 	Time 0.110 (0.271)	CE_Loss 0.5309 (0.9569)	SCL_Loss 1.2776 (1.2773)	Prec@1 43.750 (55.250)	loss 1.8284
Epoch: [66][0/49] 	Time 3.129 (3.129)	CE_Loss 0.4756 (0.4756)	SCL_Loss 1.3000 (1.3000)	Prec@1 0.000 (0.000)	loss 1.7313
Epoch: [66][34/49] 	Time 0.134 (0.274)	CE_Loss 0.4273 (1.0075)	SCL_Loss 1.1534 (1.2416)	Prec@1 28.516 (50.896)	loss 1.5467
Epoch: [67][0/49] 	Time 3.344 (3.344)	CE_Loss 1.2979 (1.2979)	SCL_Loss 1.2894 (1.2894)	Prec@1 0.000 (0.000)	loss 3.3694
Epoch: [67][34/49] 	Time 0.190 (0.285)	CE_Loss 1.4751 (0.9478)	SCL_Loss 1.3038 (1.2693)	Prec@1 74.609 (55.182)	loss 3.7326
Epoch: [68][0/49] 	Time 3.538 (3.538)	CE_Loss 1.5733 (1.5733)	SCL_Loss 1.1406 (1.1406)	Prec@1 0.000 (0.000)	loss 3.8310
Epoch: [68][34/49] 	Time 0.166 (0.290)	CE_Loss 1.0469 (0.8175)	SCL_Loss 1.2027 (1.2397)	Prec@1 81.641 (62.259)	loss 2.8154
Epoch: [69][0/49] 	Time 3.201 (3.201)	CE_Loss 0.5053 (0.5053)	SCL_Loss 1.2414 (1.2414)	Prec@1 0.000 (0.000)	loss 1.7555
Epoch: [69][34/49] 	Time 0.132 (0.293)	CE_Loss 0.5542 (1.0486)	SCL_Loss 1.1454 (1.2782)	Prec@1 75.781 (48.012)	loss 1.7956
Epoch: [70][0/49] 	Time 3.548 (3.548)	CE_Loss 0.5111 (0.5111)	SCL_Loss 1.2537 (1.2537)	Prec@1 0.000 (0.000)	loss 1.7744
Epoch: [70][34/49] 	Time 0.152 (0.299)	CE_Loss 0.8173 (0.8557)	SCL_Loss 1.3656 (1.2418)	Prec@1 28.516 (60.375)	loss 2.4540
Epoch: [71][0/49] 	Time 3.706 (3.706)	CE_Loss 0.8710 (0.8710)	SCL_Loss 1.0757 (1.0757)	Prec@1 0.000 (0.000)	loss 2.3874
Epoch: [71][34/49] 	Time 0.180 (0.299)	CE_Loss 1.6353 (1.0172)	SCL_Loss 1.2787 (1.2121)	Prec@1 79.297 (49.621)	loss 4.0378
Epoch: [72][0/49] 	Time 3.098 (3.098)	CE_Loss 1.7071 (1.7071)	SCL_Loss 1.2214 (1.2214)	Prec@1 0.000 (0.000)	loss 4.1470
Epoch: [72][34/49] 	Time 0.164 (0.282)	CE_Loss 1.0770 (1.0342)	SCL_Loss 1.2216 (1.2379)	Prec@1 85.938 (46.783)	loss 2.8869
Epoch: [73][0/49] 	Time 3.670 (3.670)	CE_Loss 1.6313 (1.6313)	SCL_Loss 1.0201 (1.0201)	Prec@1 0.000 (0.000)	loss 3.8747
Epoch: [73][34/49] 	Time 0.232 (0.293)	CE_Loss 0.5113 (0.9008)	SCL_Loss 1.2746 (1.2190)	Prec@1 59.766 (56.503)	loss 1.7873
Epoch: [74][0/49] 	Time 3.670 (3.670)	CE_Loss 1.4269 (1.4269)	SCL_Loss 1.1465 (1.1465)	Prec@1 0.000 (0.000)	loss 3.5417
Epoch: [74][34/49] 	Time 0.139 (0.293)	CE_Loss 1.4115 (0.9613)	SCL_Loss 1.0994 (1.2304)	Prec@1 22.266 (51.677)	loss 3.4826
Best Prec@1: 72.410, Many Prec@1: 0.708, Med Prec@1: 0.788, Few Prec@1: 0.000
Epoch: [75][0/49] 	Time 4.595 (4.595)	CE_Loss 0.4083 (0.4083)	SCL_Loss 1.1970 (1.1970)	Prec@1 0.000 (0.000)	loss 1.5349
Epoch: [75][34/49] 	Time 0.161 (0.306)	CE_Loss 1.7341 (0.7969)	SCL_Loss 1.2187 (1.2088)	Prec@1 78.516 (64.637)	loss 4.1995
Epoch: [76][0/49] 	Time 4.925 (4.925)	CE_Loss 1.3942 (1.3942)	SCL_Loss 1.1946 (1.1946)	Prec@1 0.000 (0.000)	loss 3.5051
Epoch: [76][34/49] 	Time 0.124 (0.359)	CE_Loss 1.6714 (0.9163)	SCL_Loss 1.3633 (1.2412)	Prec@1 6.641 (57.571)	loss 4.1607
Epoch: [77][0/49] 	Time 4.431 (4.431)	CE_Loss 0.9507 (0.9507)	SCL_Loss 1.1158 (1.1158)	Prec@1 0.000 (0.000)	loss 2.5708
Epoch: [77][34/49] 	Time 0.171 (0.389)	CE_Loss 1.5844 (0.9294)	SCL_Loss 1.3398 (1.2385)	Prec@1 9.375 (55.538)	loss 3.9727
Epoch: [78][0/49] 	Time 3.010 (3.010)	CE_Loss 0.6183 (0.6183)	SCL_Loss 1.3257 (1.3257)	Prec@1 0.000 (0.000)	loss 2.0320
Epoch: [78][34/49] 	Time 0.557 (0.306)	CE_Loss 0.3656 (0.9695)	SCL_Loss 1.0312 (1.2255)	Prec@1 40.234 (49.609)	loss 1.3498
Epoch: [79][0/49] 	Time 3.532 (3.532)	CE_Loss 0.4612 (0.4612)	SCL_Loss 1.3483 (1.3483)	Prec@1 0.000 (0.000)	loss 1.7315
Epoch: [79][34/49] 	Time 0.193 (0.287)	CE_Loss 1.6428 (1.0291)	SCL_Loss 1.1685 (1.2238)	Prec@1 70.703 (47.530)	loss 3.9867
Epoch: [80][0/49] 	Time 3.662 (3.662)	CE_Loss 1.6934 (1.6934)	SCL_Loss 1.1078 (1.1078)	Prec@1 0.000 (0.000)	loss 4.0515
Epoch: [80][34/49] 	Time 0.138 (0.332)	CE_Loss 0.4121 (0.8861)	SCL_Loss 1.2203 (1.1893)	Prec@1 79.688 (54.952)	loss 1.5563
Best Prec@1: 73.100, Many Prec@1: 0.702, Med Prec@1: 0.849, Few Prec@1: 0.000
Epoch: [81][0/49] 	Time 3.583 (3.583)	CE_Loss 0.4305 (0.4305)	SCL_Loss 1.0866 (1.0866)	Prec@1 0.000 (0.000)	loss 1.5129
Epoch: [81][34/49] 	Time 0.191 (0.265)	CE_Loss 1.2949 (0.8833)	SCL_Loss 1.1919 (1.1914)	Prec@1 69.141 (59.226)	loss 3.3049
Epoch: [82][0/49] 	Time 3.389 (3.389)	CE_Loss 0.6524 (0.6524)	SCL_Loss 1.1772 (1.1772)	Prec@1 0.000 (0.000)	loss 2.0112
Epoch: [82][34/49] 	Time 0.129 (0.249)	CE_Loss 1.7115 (0.7083)	SCL_Loss 1.1957 (1.2304)	Prec@1 78.906 (67.739)	loss 4.1403
Epoch: [83][0/49] 	Time 3.935 (3.935)	CE_Loss 0.5197 (0.5197)	SCL_Loss 1.2316 (1.2316)	Prec@1 0.000 (0.000)	loss 1.7784
Epoch: [83][34/49] 	Time 0.093 (0.321)	CE_Loss 0.5120 (1.0299)	SCL_Loss 1.3291 (1.2078)	Prec@1 16.797 (49.724)	loss 1.8214
Best Prec@1: 73.640, Many Prec@1: 0.702, Med Prec@1: 0.874, Few Prec@1: 0.000
Epoch: [84][0/49] 	Time 3.415 (3.415)	CE_Loss 1.5066 (1.5066)	SCL_Loss 1.2399 (1.2399)	Prec@1 0.000 (0.000)	loss 3.7572
Epoch: [84][34/49] 	Time 0.139 (0.235)	CE_Loss 1.7104 (0.8947)	SCL_Loss 1.1553 (1.2111)	Prec@1 78.516 (57.790)	loss 4.1139
Epoch: [85][0/49] 	Time 3.095 (3.095)	CE_Loss 0.4217 (0.4217)	SCL_Loss 1.1974 (1.1974)	Prec@1 0.000 (0.000)	loss 1.5618
Epoch: [85][34/49] 	Time 0.109 (0.243)	CE_Loss 1.5407 (0.7283)	SCL_Loss 1.2945 (1.2247)	Prec@1 63.672 (67.808)	loss 3.8580
Epoch: [86][0/49] 	Time 2.741 (2.741)	CE_Loss 0.4564 (0.4564)	SCL_Loss 1.1660 (1.1660)	Prec@1 0.000 (0.000)	loss 1.6124
Epoch: [86][34/49] 	Time 0.144 (0.300)	CE_Loss 0.4079 (0.8950)	SCL_Loss 1.2451 (1.2086)	Prec@1 10.547 (54.814)	loss 1.5628
Best Prec@1: 74.450, Many Prec@1: 0.709, Med Prec@1: 0.885, Few Prec@1: 0.000
Epoch: [87][0/49] 	Time 3.067 (3.067)	CE_Loss 1.4713 (1.4713)	SCL_Loss 1.3778 (1.3778)	Prec@1 0.000 (0.000)	loss 3.7693
Epoch: [87][34/49] 	Time 0.104 (0.243)	CE_Loss 0.8598 (0.9374)	SCL_Loss 1.4302 (1.2052)	Prec@1 22.656 (53.527)	loss 2.5777
Epoch: [88][0/49] 	Time 3.590 (3.590)	CE_Loss 0.4602 (0.4602)	SCL_Loss 1.3251 (1.3251)	Prec@1 0.000 (0.000)	loss 1.7155
Epoch: [88][34/49] 	Time 0.129 (0.261)	CE_Loss 0.5841 (0.7401)	SCL_Loss 1.3368 (1.2205)	Prec@1 70.703 (65.774)	loss 1.9703
Epoch: [89][0/49] 	Time 3.170 (3.170)	CE_Loss 1.6599 (1.6599)	SCL_Loss 1.1234 (1.1234)	Prec@1 0.000 (0.000)	loss 3.9940
Epoch: [89][34/49] 	Time 0.406 (0.287)	CE_Loss 1.3302 (0.7714)	SCL_Loss 1.4490 (1.2225)	Prec@1 18.750 (64.315)	loss 3.5299
Epoch: [90][0/49] 	Time 3.797 (3.797)	CE_Loss 1.3332 (1.3332)	SCL_Loss 1.1211 (1.1211)	Prec@1 0.000 (0.000)	loss 3.3392
Epoch: [90][34/49] 	Time 0.108 (0.250)	CE_Loss 1.6488 (0.8925)	SCL_Loss 1.2390 (1.2197)	Prec@1 53.125 (58.123)	loss 4.0410
Epoch: [91][0/49] 	Time 2.918 (2.918)	CE_Loss 0.4717 (0.4717)	SCL_Loss 1.1117 (1.1117)	Prec@1 0.000 (0.000)	loss 1.6105
Epoch: [91][34/49] 	Time 0.115 (0.229)	CE_Loss 0.4179 (0.9717)	SCL_Loss 1.3398 (1.1719)	Prec@1 8.203 (50.551)	loss 1.6398
Epoch: [92][0/49] 	Time 4.042 (4.042)	CE_Loss 0.3864 (0.3864)	SCL_Loss 1.0778 (1.0778)	Prec@1 0.000 (0.000)	loss 1.4195
Epoch: [92][34/49] 	Time 0.145 (0.263)	CE_Loss 1.5740 (0.7573)	SCL_Loss 1.2647 (1.2040)	Prec@1 66.406 (66.291)	loss 3.9068
Epoch: [93][0/49] 	Time 3.474 (3.474)	CE_Loss 1.7388 (1.7388)	SCL_Loss 1.0710 (1.0710)	Prec@1 0.000 (0.000)	loss 4.1202
Epoch: [93][34/49] 	Time 0.119 (0.247)	CE_Loss 1.5085 (0.8788)	SCL_Loss 1.0671 (1.1846)	Prec@1 4.297 (57.307)	loss 3.6572
Epoch: [94][0/49] 	Time 3.396 (3.396)	CE_Loss 1.3514 (1.3514)	SCL_Loss 1.2749 (1.2749)	Prec@1 0.000 (0.000)	loss 3.4677
Epoch: [94][34/49] 	Time 0.119 (0.254)	CE_Loss 0.3344 (0.8661)	SCL_Loss 1.1362 (1.1765)	Prec@1 82.422 (57.387)	loss 1.3506
Epoch: [95][0/49] 	Time 8.263 (8.263)	CE_Loss 1.6799 (1.6799)	SCL_Loss 0.9861 (0.9861)	Prec@1 0.000 (0.000)	loss 3.9515
Epoch: [95][34/49] 	Time 0.290 (0.592)	CE_Loss 0.3654 (0.9607)	SCL_Loss 1.2186 (1.1751)	Prec@1 11.719 (51.023)	loss 1.4619
Epoch: [96][0/49] 	Time 5.514 (5.514)	CE_Loss 1.7362 (1.7362)	SCL_Loss 1.4282 (1.4282)	Prec@1 0.000 (0.000)	loss 4.3294
Epoch: [96][34/49] 	Time 0.315 (0.482)	CE_Loss 1.3151 (0.8862)	SCL_Loss 1.2642 (1.1888)	Prec@1 60.547 (54.423)	loss 3.3888
Epoch: [97][0/49] 	Time 8.588 (8.588)	CE_Loss 0.3151 (0.3151)	SCL_Loss 1.0772 (1.0772)	Prec@1 0.000 (0.000)	loss 1.2764
Epoch: [97][34/49] 	Time 0.255 (0.682)	CE_Loss 1.6531 (0.8676)	SCL_Loss 1.3900 (1.2136)	Prec@1 73.438 (57.606)	loss 4.1403
Epoch: [98][0/49] 	Time 4.707 (4.707)	CE_Loss 0.4450 (0.4450)	SCL_Loss 1.3746 (1.3746)	Prec@1 0.000 (0.000)	loss 1.7149
Epoch: [98][34/49] 	Time 0.242 (0.388)	CE_Loss 1.8273 (0.7503)	SCL_Loss 1.1112 (1.2227)	Prec@1 87.109 (64.740)	loss 4.3213
Epoch: [99][0/49] 	Time 10.866 (10.866)	CE_Loss 1.4464 (1.4464)	SCL_Loss 1.2393 (1.2393)	Prec@1 0.000 (0.000)	loss 3.6364
Epoch: [99][34/49] 	Time 0.273 (0.796)	CE_Loss 1.7254 (0.8603)	SCL_Loss 1.1144 (1.2123)	Prec@1 79.297 (59.915)	loss 4.1195
Epoch: [100][0/49] 	Time 7.580 (7.580)	CE_Loss 1.0625 (1.0625)	SCL_Loss 1.2150 (1.2150)	Prec@1 0.000 (0.000)	loss 2.8540
Epoch: [100][34/49] 	Time 0.154 (0.446)	CE_Loss 0.5925 (0.8812)	SCL_Loss 1.3591 (1.2103)	Prec@1 55.078 (56.618)	loss 2.0005
Epoch: [101][0/49] 	Time 15.411 (15.411)	CE_Loss 0.4477 (0.4477)	SCL_Loss 1.2985 (1.2985)	Prec@1 0.000 (0.000)	loss 1.6746
Epoch: [101][34/49] 	Time 0.309 (0.822)	CE_Loss 1.6978 (0.8147)	SCL_Loss 1.2049 (1.2065)	Prec@1 53.125 (63.097)	loss 4.1187
Epoch: [102][0/49] 	Time 8.732 (8.732)	CE_Loss 0.4085 (0.4085)	SCL_Loss 1.0836 (1.0836)	Prec@1 0.000 (0.000)	loss 1.4672
Epoch: [102][34/49] 	Time 0.303 (0.553)	CE_Loss 0.3882 (1.0150)	SCL_Loss 1.2479 (1.2029)	Prec@1 79.297 (47.472)	loss 1.5251
Epoch: [103][0/49] 	Time 10.829 (10.829)	CE_Loss 0.4519 (0.4519)	SCL_Loss 1.0888 (1.0888)	Prec@1 0.000 (0.000)	loss 1.5570
Epoch: [103][34/49] 	Time 0.363 (0.818)	CE_Loss 0.3036 (0.7691)	SCL_Loss 1.2824 (1.1763)	Prec@1 73.438 (65.039)	loss 1.3766
Epoch: [104][0/49] 	Time 6.079 (6.079)	CE_Loss 0.3959 (0.3959)	SCL_Loss 1.1180 (1.1180)	Prec@1 0.000 (0.000)	loss 1.4626
Epoch: [104][34/49] 	Time 0.199 (0.500)	CE_Loss 1.4241 (0.9957)	SCL_Loss 1.1850 (1.1792)	Prec@1 44.922 (52.723)	loss 3.5592
Epoch: [105][0/49] 	Time 5.090 (5.090)	CE_Loss 0.3206 (0.3206)	SCL_Loss 0.9879 (0.9879)	Prec@1 0.000 (0.000)	loss 1.2338
Epoch: [105][34/49] 	Time 0.139 (0.346)	CE_Loss 1.7319 (0.8673)	SCL_Loss 1.1940 (1.1532)	Prec@1 39.844 (58.238)	loss 4.1803
Epoch: [106][0/49] 	Time 4.362 (4.362)	CE_Loss 0.4280 (0.4280)	SCL_Loss 1.1999 (1.1999)	Prec@1 0.000 (0.000)	loss 1.5760
Epoch: [106][34/49] 	Time 0.174 (0.307)	CE_Loss 0.4090 (0.7680)	SCL_Loss 1.0066 (1.1951)	Prec@1 84.375 (62.293)	loss 1.4219
Epoch: [107][0/49] 	Time 5.139 (5.139)	CE_Loss 1.5620 (1.5620)	SCL_Loss 1.2081 (1.2081)	Prec@1 0.000 (0.000)	loss 3.8489
Epoch: [107][34/49] 	Time 0.252 (0.326)	CE_Loss 0.3777 (0.8248)	SCL_Loss 1.0933 (1.1897)	Prec@1 80.078 (59.846)	loss 1.4114
Epoch: [108][0/49] 	Time 4.563 (4.563)	CE_Loss 1.7178 (1.7178)	SCL_Loss 1.1967 (1.1967)	Prec@1 0.000 (0.000)	loss 4.1536
Epoch: [108][34/49] 	Time 0.102 (0.355)	CE_Loss 1.3284 (1.0041)	SCL_Loss 1.0917 (1.1734)	Prec@1 70.703 (49.437)	loss 3.3118
Epoch: [109][0/49] 	Time 4.434 (4.434)	CE_Loss 0.3463 (0.3463)	SCL_Loss 1.1194 (1.1194)	Prec@1 0.000 (0.000)	loss 1.3642
Epoch: [109][34/49] 	Time 0.110 (0.349)	CE_Loss 0.4126 (0.9217)	SCL_Loss 0.9916 (1.1746)	Prec@1 22.656 (53.389)	loss 1.4200
Epoch: [110][0/49] 	Time 4.234 (4.234)	CE_Loss 1.4325 (1.4325)	SCL_Loss 1.1964 (1.1964)	Prec@1 0.000 (0.000)	loss 3.5828
Epoch: [110][34/49] 	Time 0.139 (0.358)	CE_Loss 0.3771 (0.8648)	SCL_Loss 1.0666 (1.1551)	Prec@1 86.328 (56.962)	loss 1.3942
Epoch: [111][0/49] 	Time 4.183 (4.183)	CE_Loss 0.3010 (0.3010)	SCL_Loss 1.0562 (1.0562)	Prec@1 0.000 (0.000)	loss 1.2357
Epoch: [111][34/49] 	Time 0.160 (0.366)	CE_Loss 0.7948 (0.8816)	SCL_Loss 1.2987 (1.1574)	Prec@1 77.734 (55.285)	loss 2.3688
Epoch: [112][0/49] 	Time 3.627 (3.627)	CE_Loss 0.3631 (0.3631)	SCL_Loss 1.1240 (1.1240)	Prec@1 0.000 (0.000)	loss 1.4006
Epoch: [112][34/49] 	Time 0.137 (0.358)	CE_Loss 0.4323 (0.7792)	SCL_Loss 1.2677 (1.1822)	Prec@1 76.953 (64.223)	loss 1.6252
Epoch: [113][0/49] 	Time 3.422 (3.422)	CE_Loss 0.3750 (0.3750)	SCL_Loss 1.1378 (1.1378)	Prec@1 0.000 (0.000)	loss 1.4327
Epoch: [113][34/49] 	Time 0.190 (0.356)	CE_Loss 0.4659 (0.8073)	SCL_Loss 1.1432 (1.1776)	Prec@1 25.000 (62.282)	loss 1.6177
Epoch: [114][0/49] 	Time 3.451 (3.451)	CE_Loss 1.5636 (1.5636)	SCL_Loss 1.1924 (1.1924)	Prec@1 0.000 (0.000)	loss 3.8426
Epoch: [114][34/49] 	Time 0.228 (0.364)	CE_Loss 1.4575 (1.0144)	SCL_Loss 1.2589 (1.1861)	Prec@1 81.250 (48.805)	loss 3.6704
Epoch: [115][0/49] 	Time 3.034 (3.034)	CE_Loss 1.0557 (1.0557)	SCL_Loss 1.0412 (1.0412)	Prec@1 0.000 (0.000)	loss 2.7362
Epoch: [115][34/49] 	Time 0.187 (0.352)	CE_Loss 1.7480 (0.8654)	SCL_Loss 1.1658 (1.1591)	Prec@1 37.109 (58.479)	loss 4.1954
Epoch: [116][0/49] 	Time 3.400 (3.400)	CE_Loss 1.7211 (1.7211)	SCL_Loss 1.0976 (1.0976)	Prec@1 0.000 (0.000)	loss 4.1008
Epoch: [116][34/49] 	Time 0.199 (0.361)	CE_Loss 1.7349 (0.8803)	SCL_Loss 1.1208 (1.1859)	Prec@1 53.516 (58.869)	loss 4.1423
Epoch: [117][0/49] 	Time 4.053 (4.053)	CE_Loss 0.5158 (0.5158)	SCL_Loss 1.1831 (1.1831)	Prec@1 0.000 (0.000)	loss 1.7415
Epoch: [117][34/49] 	Time 0.241 (0.378)	CE_Loss 1.5060 (0.8485)	SCL_Loss 1.2330 (1.1833)	Prec@1 33.594 (59.869)	loss 3.7519
Epoch: [118][0/49] 	Time 3.767 (3.767)	CE_Loss 0.5058 (0.5058)	SCL_Loss 1.1810 (1.1810)	Prec@1 0.000 (0.000)	loss 1.7202
Epoch: [118][34/49] 	Time 0.145 (0.365)	CE_Loss 2.0031 (0.7479)	SCL_Loss 1.1446 (1.1732)	Prec@1 87.500 (63.097)	loss 4.6929
Epoch: [119][0/49] 	Time 3.544 (3.544)	CE_Loss 1.8288 (1.8288)	SCL_Loss 1.2495 (1.2495)	Prec@1 0.000 (0.000)	loss 4.4074
Epoch: [119][34/49] 	Time 0.222 (0.360)	CE_Loss 1.3469 (0.8624)	SCL_Loss 1.2181 (1.1698)	Prec@1 74.609 (56.112)	loss 3.4248
Epoch: [120][0/49] 	Time 3.322 (3.322)	CE_Loss 1.2596 (1.2596)	SCL_Loss 0.9914 (0.9914)	Prec@1 0.000 (0.000)	loss 3.1140
Epoch: [120][34/49] 	Time 0.263 (0.350)	CE_Loss 0.2820 (0.8346)	SCL_Loss 1.1301 (1.1810)	Prec@1 49.219 (60.708)	loss 1.2420
Epoch: [121][0/49] 	Time 3.668 (3.668)	CE_Loss 1.6899 (1.6899)	SCL_Loss 1.0670 (1.0670)	Prec@1 0.000 (0.000)	loss 4.0200
Epoch: [121][34/49] 	Time 0.132 (0.371)	CE_Loss 1.2879 (0.8198)	SCL_Loss 1.2058 (1.1710)	Prec@1 12.109 (60.696)	loss 3.2993
Epoch: [122][0/49] 	Time 2.910 (2.910)	CE_Loss 1.0429 (1.0429)	SCL_Loss 1.1454 (1.1454)	Prec@1 0.000 (0.000)	loss 2.7731
Epoch: [122][34/49] 	Time 0.187 (0.398)	CE_Loss 0.3705 (0.8347)	SCL_Loss 1.2287 (1.1229)	Prec@1 82.422 (59.524)	loss 1.4782
Best Prec@1: 76.080, Many Prec@1: 0.722, Med Prec@1: 0.915, Few Prec@1: 0.000
Epoch: [123][0/49] 	Time 8.393 (8.393)	CE_Loss 1.5758 (1.5758)	SCL_Loss 1.2027 (1.2027)	Prec@1 0.000 (0.000)	loss 3.8733
Epoch: [123][34/49] 	Time 0.276 (0.577)	CE_Loss 1.5068 (1.0533)	SCL_Loss 1.0199 (1.1311)	Prec@1 17.578 (48.081)	loss 3.6256
Epoch: [124][0/49] 	Time 6.888 (6.888)	CE_Loss 0.3844 (0.3844)	SCL_Loss 1.0179 (1.0179)	Prec@1 0.000 (0.000)	loss 1.3795
Epoch: [124][34/49] 	Time 0.280 (0.621)	CE_Loss 0.4403 (0.9519)	SCL_Loss 1.2002 (1.1448)	Prec@1 76.172 (54.550)	loss 1.6007
Epoch: [125][0/49] 	Time 5.696 (5.696)	CE_Loss 1.3380 (1.3380)	SCL_Loss 0.9798 (0.9798)	Prec@1 0.000 (0.000)	loss 3.2639
Epoch: [125][34/49] 	Time 0.190 (0.494)	CE_Loss 0.5795 (0.8253)	SCL_Loss 1.3529 (1.1717)	Prec@1 66.797 (56.893)	loss 1.9707
Epoch: [126][0/49] 	Time 8.857 (8.857)	CE_Loss 0.4142 (0.4142)	SCL_Loss 1.2615 (1.2615)	Prec@1 0.000 (0.000)	loss 1.5853
Epoch: [126][34/49] 	Time 0.382 (0.536)	CE_Loss 0.3642 (0.9538)	SCL_Loss 1.2788 (1.1527)	Prec@1 82.031 (51.241)	loss 1.4958
Epoch: [127][0/49] 	Time 8.661 (8.661)	CE_Loss 1.6281 (1.6281)	SCL_Loss 1.1926 (1.1926)	Prec@1 0.000 (0.000)	loss 3.9718
Epoch: [127][34/49] 	Time 0.177 (0.502)	CE_Loss 1.7062 (0.9065)	SCL_Loss 1.1161 (1.1476)	Prec@1 82.031 (56.778)	loss 4.0821
Epoch: [128][0/49] 	Time 6.515 (6.515)	CE_Loss 1.5734 (1.5734)	SCL_Loss 1.2240 (1.2240)	Prec@1 0.000 (0.000)	loss 3.8812
Epoch: [128][34/49] 	Time 0.241 (0.560)	CE_Loss 0.3748 (0.9506)	SCL_Loss 1.1090 (1.1685)	Prec@1 39.453 (54.550)	loss 1.4151
Epoch: [129][0/49] 	Time 6.358 (6.358)	CE_Loss 0.4500 (0.4500)	SCL_Loss 1.3364 (1.3364)	Prec@1 0.000 (0.000)	loss 1.7018
Epoch: [129][34/49] 	Time 0.178 (0.441)	CE_Loss 1.2444 (0.7085)	SCL_Loss 1.1126 (1.1660)	Prec@1 66.797 (66.464)	loss 3.1563
Epoch: [130][0/49] 	Time 5.480 (5.480)	CE_Loss 0.3889 (0.3889)	SCL_Loss 1.1398 (1.1398)	Prec@1 0.000 (0.000)	loss 1.4616
Epoch: [130][34/49] 	Time 0.240 (0.467)	CE_Loss 0.7895 (0.9408)	SCL_Loss 1.0591 (1.1582)	Prec@1 31.250 (52.964)	loss 2.2145
Epoch: [131][0/49] 	Time 6.786 (6.786)	CE_Loss 0.3735 (0.3735)	SCL_Loss 1.0338 (1.0338)	Prec@1 0.000 (0.000)	loss 1.3672
Epoch: [131][34/49] 	Time 0.345 (0.536)	CE_Loss 0.4097 (0.8256)	SCL_Loss 1.0291 (1.1707)	Prec@1 71.875 (61.696)	loss 1.4368
Epoch: [132][0/49] 	Time 7.009 (7.009)	CE_Loss 1.3240 (1.3240)	SCL_Loss 1.0032 (1.0032)	Prec@1 0.000 (0.000)	loss 3.2499
Epoch: [132][34/49] 	Time 0.282 (0.652)	CE_Loss 1.7263 (0.9926)	SCL_Loss 1.2064 (1.1488)	Prec@1 69.141 (50.149)	loss 4.1763
Epoch: [133][0/49] 	Time 6.491 (6.491)	CE_Loss 0.9714 (0.9714)	SCL_Loss 1.0289 (1.0289)	Prec@1 0.000 (0.000)	loss 2.5601
Epoch: [133][34/49] 	Time 0.302 (0.566)	CE_Loss 0.4780 (0.9599)	SCL_Loss 1.1665 (1.1580)	Prec@1 80.078 (49.655)	loss 1.6560
Epoch: [134][0/49] 	Time 7.179 (7.179)	CE_Loss 0.3583 (0.3583)	SCL_Loss 1.1369 (1.1369)	Prec@1 0.000 (0.000)	loss 1.3988
Epoch: [134][34/49] 	Time 0.334 (0.565)	CE_Loss 1.5837 (0.7902)	SCL_Loss 1.1879 (1.1257)	Prec@1 79.297 (58.123)	loss 3.8802
Epoch: [135][0/49] 	Time 9.403 (9.403)	CE_Loss 0.4519 (0.4519)	SCL_Loss 1.3172 (1.3172)	Prec@1 0.000 (0.000)	loss 1.6941
Epoch: [135][34/49] 	Time 0.207 (0.666)	CE_Loss 0.3647 (0.7360)	SCL_Loss 1.1582 (1.1541)	Prec@1 77.734 (66.119)	loss 1.4242
Epoch: [136][0/49] 	Time 6.129 (6.129)	CE_Loss 1.5272 (1.5272)	SCL_Loss 1.0319 (1.0319)	Prec@1 0.000 (0.000)	loss 3.6737
Epoch: [136][34/49] 	Time 0.373 (0.518)	CE_Loss 1.3167 (0.8352)	SCL_Loss 1.0325 (1.1640)	Prec@1 81.641 (60.214)	loss 3.2529
Epoch: [137][0/49] 	Time 11.659 (11.659)	CE_Loss 0.3833 (0.3833)	SCL_Loss 1.1000 (1.1000)	Prec@1 0.000 (0.000)	loss 1.4265
Epoch: [137][34/49] 	Time 0.375 (0.788)	CE_Loss 1.4742 (0.8429)	SCL_Loss 1.2554 (1.1921)	Prec@1 78.125 (60.708)	loss 3.7016
Epoch: [138][0/49] 	Time 7.458 (7.458)	CE_Loss 0.5189 (0.5189)	SCL_Loss 1.1690 (1.1690)	Prec@1 0.000 (0.000)	loss 1.7392
Epoch: [138][34/49] 	Time 0.393 (0.680)	CE_Loss 0.8803 (0.7909)	SCL_Loss 1.3338 (1.1648)	Prec@1 83.594 (58.502)	loss 2.5608
Epoch: [139][0/49] 	Time 10.698 (10.698)	CE_Loss 0.3411 (0.3411)	SCL_Loss 1.2318 (1.2318)	Prec@1 0.000 (0.000)	loss 1.4212
Epoch: [139][34/49] 	Time 0.230 (0.789)	CE_Loss 1.6042 (0.7998)	SCL_Loss 1.2692 (1.1979)	Prec@1 20.703 (61.351)	loss 3.9699
Epoch: [140][0/49] 	Time 9.617 (9.617)	CE_Loss 1.8100 (1.8100)	SCL_Loss 0.9906 (0.9906)	Prec@1 0.000 (0.000)	loss 4.2144
Epoch: [140][34/49] 	Time 0.412 (0.657)	CE_Loss 1.0043 (0.8428)	SCL_Loss 0.9846 (1.1497)	Prec@1 80.469 (60.685)	loss 2.5994
Epoch: [141][0/49] 	Time 7.271 (7.271)	CE_Loss 0.4024 (0.4024)	SCL_Loss 1.2349 (1.2349)	Prec@1 0.000 (0.000)	loss 1.5457
Epoch: [141][34/49] 	Time 0.261 (0.624)	CE_Loss 0.4045 (0.7467)	SCL_Loss 1.1575 (1.1586)	Prec@1 72.656 (62.557)	loss 1.5034
Epoch: [142][0/49] 	Time 12.535 (12.535)	CE_Loss 0.3767 (0.3767)	SCL_Loss 1.1055 (1.1055)	Prec@1 0.000 (0.000)	loss 1.4167
Epoch: [142][34/49] 	Time 0.298 (0.728)	CE_Loss 1.6905 (0.9490)	SCL_Loss 0.9358 (1.1498)	Prec@1 17.188 (52.815)	loss 3.9425
Epoch: [143][0/49] 	Time 9.124 (9.124)	CE_Loss 0.3292 (0.3292)	SCL_Loss 1.0062 (1.0062)	Prec@1 0.000 (0.000)	loss 1.2621
Epoch: [143][34/49] 	Time 0.312 (0.630)	CE_Loss 0.3873 (0.9814)	SCL_Loss 1.1518 (1.1437)	Prec@1 49.609 (48.369)	loss 1.4657
Epoch: [144][0/49] 	Time 13.193 (13.193)	CE_Loss 0.3043 (0.3043)	SCL_Loss 1.1042 (1.1042)	Prec@1 0.000 (0.000)	loss 1.2710
Epoch: [144][34/49] 	Time 0.256 (0.972)	CE_Loss 0.4295 (0.8058)	SCL_Loss 1.1674 (1.1464)	Prec@1 78.906 (60.570)	loss 1.5595
Epoch: [145][0/49] 	Time 8.977 (8.977)	CE_Loss 1.4943 (1.4943)	SCL_Loss 1.1223 (1.1223)	Prec@1 0.000 (0.000)	loss 3.6621
Epoch: [145][34/49] 	Time 0.250 (0.765)	CE_Loss 1.4973 (0.8946)	SCL_Loss 1.1833 (1.1686)	Prec@1 73.438 (57.204)	loss 3.7046
Best Prec@1: 76.460, Many Prec@1: 0.763, Med Prec@1: 0.771, Few Prec@1: 0.000
Epoch: [146][0/49] 	Time 11.898 (11.898)	CE_Loss 1.4348 (1.4348)	SCL_Loss 0.9921 (0.9921)	Prec@1 0.000 (0.000)	loss 3.4649
Epoch: [146][34/49] 	Time 0.253 (0.972)	CE_Loss 0.7995 (0.7277)	SCL_Loss 1.0974 (1.1360)	Prec@1 69.531 (67.153)	loss 2.2574
Epoch: [147][0/49] 	Time 7.230 (7.230)	CE_Loss 0.5871 (0.5871)	SCL_Loss 1.0906 (1.0906)	Prec@1 0.000 (0.000)	loss 1.8285
Epoch: [147][34/49] 	Time 0.344 (0.691)	CE_Loss 1.5211 (0.8695)	SCL_Loss 1.1281 (1.1458)	Prec@1 76.562 (58.789)	loss 3.7189
Epoch: [148][0/49] 	Time 6.628 (6.628)	CE_Loss 0.3122 (0.3122)	SCL_Loss 1.0358 (1.0358)	Prec@1 0.000 (0.000)	loss 1.2459
Epoch: [148][34/49] 	Time 0.229 (0.595)	CE_Loss 0.3085 (0.7631)	SCL_Loss 1.0159 (1.1213)	Prec@1 82.031 (63.534)	loss 1.2265
Epoch: [149][0/49] 	Time 5.112 (5.112)	CE_Loss 0.3419 (0.3419)	SCL_Loss 1.0383 (1.0383)	Prec@1 0.000 (0.000)	loss 1.3068
Epoch: [149][34/49] 	Time 0.219 (0.592)	CE_Loss 0.3471 (0.8455)	SCL_Loss 1.1021 (1.1314)	Prec@1 86.719 (58.272)	loss 1.3554
Epoch: [150][0/49] 	Time 5.512 (5.512)	CE_Loss 0.4145 (0.4145)	SCL_Loss 1.1446 (1.1446)	Prec@1 0.000 (0.000)	loss 1.5157
Epoch: [150][34/49] 	Time 0.321 (0.588)	CE_Loss 1.2795 (0.9712)	SCL_Loss 1.1747 (1.1433)	Prec@1 46.484 (49.747)	loss 3.2639
Epoch: [151][0/49] 	Time 6.574 (6.574)	CE_Loss 0.4510 (0.4510)	SCL_Loss 1.0806 (1.0806)	Prec@1 0.000 (0.000)	loss 1.5505
Epoch: [151][34/49] 	Time 0.434 (0.587)	CE_Loss 0.3154 (0.8934)	SCL_Loss 0.9613 (1.1358)	Prec@1 47.656 (56.468)	loss 1.2075
Epoch: [152][0/49] 	Time 6.542 (6.542)	CE_Loss 0.3358 (0.3358)	SCL_Loss 1.0270 (1.0270)	Prec@1 0.000 (0.000)	loss 1.2878
Epoch: [152][34/49] 	Time 0.263 (0.611)	CE_Loss 1.2097 (0.9802)	SCL_Loss 1.1207 (1.1254)	Prec@1 80.078 (51.723)	loss 3.0918
Epoch: [153][0/49] 	Time 6.452 (6.452)	CE_Loss 0.3315 (0.3315)	SCL_Loss 1.1767 (1.1767)	Prec@1 0.000 (0.000)	loss 1.3691
Epoch: [153][34/49] 	Time 0.208 (0.601)	CE_Loss 0.3045 (0.8966)	SCL_Loss 1.2854 (1.1558)	Prec@1 81.641 (58.467)	loss 1.3802
Epoch: [154][0/49] 	Time 6.758 (6.758)	CE_Loss 0.3535 (0.3535)	SCL_Loss 1.1504 (1.1504)	Prec@1 0.000 (0.000)	loss 1.3973
Epoch: [154][34/49] 	Time 0.221 (0.608)	CE_Loss 1.2381 (0.7368)	SCL_Loss 0.9688 (1.1430)	Prec@1 16.406 (67.325)	loss 3.0575
Epoch: [155][0/49] 	Time 7.021 (7.021)	CE_Loss 1.5656 (1.5656)	SCL_Loss 1.0467 (1.0467)	Prec@1 0.000 (0.000)	loss 3.7592
Epoch: [155][34/49] 	Time 0.214 (0.595)	CE_Loss 0.4341 (0.9792)	SCL_Loss 1.1134 (1.1301)	Prec@1 9.766 (48.840)	loss 1.5363
Epoch: [156][0/49] 	Time 6.764 (6.764)	CE_Loss 0.3978 (0.3978)	SCL_Loss 1.2131 (1.2131)	Prec@1 0.000 (0.000)	loss 1.5234
Epoch: [156][34/49] 	Time 0.228 (0.590)	CE_Loss 0.3582 (0.9059)	SCL_Loss 1.0074 (1.1613)	Prec@1 28.516 (55.813)	loss 1.3208
Epoch: [157][0/49] 	Time 5.517 (5.517)	CE_Loss 0.9958 (0.9958)	SCL_Loss 1.0138 (1.0138)	Prec@1 0.000 (0.000)	loss 2.5999
Epoch: [157][34/49] 	Time 0.213 (0.623)	CE_Loss 1.5192 (0.9627)	SCL_Loss 1.3190 (1.1297)	Prec@1 87.109 (51.390)	loss 3.8298
Epoch: [158][0/49] 	Time 5.688 (5.688)	CE_Loss 1.3858 (1.3858)	SCL_Loss 1.1872 (1.1872)	Prec@1 0.000 (0.000)	loss 3.4840
Epoch: [158][34/49] 	Time 0.310 (0.618)	CE_Loss 0.3617 (0.7495)	SCL_Loss 1.0738 (1.1287)	Prec@1 69.531 (65.682)	loss 1.3676
Epoch: [159][0/49] 	Time 4.075 (4.075)	CE_Loss 0.7488 (0.7488)	SCL_Loss 1.1425 (1.1425)	Prec@1 0.000 (0.000)	loss 2.1831
Epoch: [159][34/49] 	Time 0.383 (0.465)	CE_Loss 1.2218 (0.7408)	SCL_Loss 1.0319 (1.1750)	Prec@1 55.469 (63.959)	loss 3.0626
Epoch: [160][0/49] 	Time 5.279 (5.279)	CE_Loss 0.3817 (0.3817)	SCL_Loss 1.3156 (1.3156)	Prec@1 0.000 (0.000)	loss 1.5529
Epoch: [160][34/49] 	Time 0.179 (0.461)	CE_Loss 1.2286 (0.6528)	SCL_Loss 0.9346 (1.0655)	Prec@1 87.109 (68.945)	loss 3.0179
Best Prec@1: 82.940, Many Prec@1: 0.816, Med Prec@1: 0.883, Few Prec@1: 0.000
Epoch: [161][0/49] 	Time 9.792 (9.792)	CE_Loss 1.6669 (1.6669)	SCL_Loss 1.0651 (1.0651)	Prec@1 0.000 (0.000)	loss 3.9730
Epoch: [161][34/49] 	Time 0.184 (0.643)	CE_Loss 0.3122 (0.9041)	SCL_Loss 0.9244 (0.9332)	Prec@1 13.672 (53.159)	loss 1.1790
Best Prec@1: 83.760, Many Prec@1: 0.825, Med Prec@1: 0.889, Few Prec@1: 0.000
Epoch: [162][0/49] 	Time 12.255 (12.255)	CE_Loss 0.2178 (0.2178)	SCL_Loss 0.8430 (0.8430)	Prec@1 0.000 (0.000)	loss 0.9414
Epoch: [162][34/49] 	Time 0.171 (0.757)	CE_Loss 0.2518 (0.7237)	SCL_Loss 0.8105 (0.8929)	Prec@1 31.641 (63.729)	loss 0.9899
Best Prec@1: 84.470, Many Prec@1: 0.829, Med Prec@1: 0.909, Few Prec@1: 0.000
Epoch: [163][0/49] 	Time 9.038 (9.038)	CE_Loss 1.3789 (1.3789)	SCL_Loss 0.7609 (0.7609)	Prec@1 0.000 (0.000)	loss 3.2144
Epoch: [163][34/49] 	Time 0.319 (0.718)	CE_Loss 0.2545 (0.6740)	SCL_Loss 0.8778 (0.8581)	Prec@1 87.500 (67.440)	loss 1.0357
Best Prec@1: 84.810, Many Prec@1: 0.832, Med Prec@1: 0.912, Few Prec@1: 0.000
Epoch: [164][0/49] 	Time 6.835 (6.835)	CE_Loss 1.5697 (1.5697)	SCL_Loss 0.8230 (0.8230)	Prec@1 0.000 (0.000)	loss 3.6332
Epoch: [164][34/49] 	Time 0.196 (0.463)	CE_Loss 0.1995 (0.8524)	SCL_Loss 0.9639 (0.8478)	Prec@1 87.500 (55.480)	loss 0.9774
Epoch: [165][0/49] 	Time 10.853 (10.853)	CE_Loss 0.2071 (0.2071)	SCL_Loss 0.9371 (0.9371)	Prec@1 0.000 (0.000)	loss 0.9766
Epoch: [165][34/49] 	Time 0.395 (0.715)	CE_Loss 1.4212 (0.6697)	SCL_Loss 0.8594 (0.8571)	Prec@1 73.047 (66.636)	loss 3.3581
Epoch: [166][0/49] 	Time 6.572 (6.572)	CE_Loss 1.3310 (1.3310)	SCL_Loss 0.7255 (0.7255)	Prec@1 0.000 (0.000)	loss 3.0974
Epoch: [166][34/49] 	Time 0.561 (0.640)	CE_Loss 0.2631 (0.7495)	SCL_Loss 0.9762 (0.8264)	Prec@1 16.406 (60.489)	loss 1.1120
Epoch: [167][0/49] 	Time 9.307 (9.307)	CE_Loss 0.2004 (0.2004)	SCL_Loss 0.7727 (0.7727)	Prec@1 0.000 (0.000)	loss 0.8644
Epoch: [167][34/49] 	Time 0.388 (0.808)	CE_Loss 0.8316 (0.9038)	SCL_Loss 0.8624 (0.8332)	Prec@1 31.641 (50.977)	loss 2.1806
Epoch: [168][0/49] 	Time 14.023 (14.023)	CE_Loss 0.2045 (0.2045)	SCL_Loss 0.9050 (0.9050)	Prec@1 0.000 (0.000)	loss 0.9520
Epoch: [168][34/49] 	Time 0.500 (0.952)	CE_Loss 0.1844 (0.6864)	SCL_Loss 0.7241 (0.8525)	Prec@1 88.281 (67.383)	loss 0.8032
Epoch: [169][0/49] 	Time 9.351 (9.351)	CE_Loss 0.2390 (0.2390)	SCL_Loss 0.7855 (0.7855)	Prec@1 0.000 (0.000)	loss 0.9494
Epoch: [169][34/49] 	Time 0.373 (0.806)	CE_Loss 1.3577 (0.8104)	SCL_Loss 0.8839 (0.8248)	Prec@1 5.469 (57.801)	loss 3.2457
Epoch: [170][0/49] 	Time 8.202 (8.202)	CE_Loss 0.1707 (0.1707)	SCL_Loss 0.8029 (0.8029)	Prec@1 0.000 (0.000)	loss 0.8231
Epoch: [170][34/49] 	Time 0.328 (0.706)	CE_Loss 0.3267 (0.8096)	SCL_Loss 0.6727 (0.8342)	Prec@1 28.906 (55.319)	loss 1.0570
Epoch: [171][0/49] 	Time 10.044 (10.044)	CE_Loss 1.2286 (1.2286)	SCL_Loss 0.6710 (0.6710)	Prec@1 0.000 (0.000)	loss 2.8597
Epoch: [171][34/49] 	Time 0.380 (0.813)	CE_Loss 0.1062 (0.6349)	SCL_Loss 0.7330 (0.8353)	Prec@1 64.844 (68.394)	loss 0.6521
Epoch: [172][0/49] 	Time 6.997 (6.997)	CE_Loss 0.9470 (0.9470)	SCL_Loss 0.6759 (0.6759)	Prec@1 0.000 (0.000)	loss 2.2996
Epoch: [172][34/49] 	Time 0.280 (0.692)	CE_Loss 0.7493 (0.6628)	SCL_Loss 0.8683 (0.8142)	Prec@1 91.797 (68.681)	loss 2.0195
Best Prec@1: 85.380, Many Prec@1: 0.842, Med Prec@1: 0.900, Few Prec@1: 0.000
Epoch: [173][0/49] 	Time 6.878 (6.878)	CE_Loss 1.5290 (1.5290)	SCL_Loss 0.7015 (0.7015)	Prec@1 0.000 (0.000)	loss 3.4790
Epoch: [173][34/49] 	Time 0.511 (0.721)	CE_Loss 0.1974 (0.7096)	SCL_Loss 0.8785 (0.8002)	Prec@1 90.234 (62.385)	loss 0.9218
Epoch: [174][0/49] 	Time 6.916 (6.916)	CE_Loss 1.2012 (1.2012)	SCL_Loss 0.8075 (0.8075)	Prec@1 0.000 (0.000)	loss 2.8868
Epoch: [174][34/49] 	Time 0.321 (0.526)	CE_Loss 0.2438 (0.4684)	SCL_Loss 0.8870 (0.7860)	Prec@1 91.797 (78.757)	loss 1.0198
Epoch: [175][0/49] 	Time 7.521 (7.521)	CE_Loss 0.2595 (0.2595)	SCL_Loss 0.9029 (0.9029)	Prec@1 0.000 (0.000)	loss 1.0607
Epoch: [175][34/49] 	Time 0.389 (0.683)	CE_Loss 1.3278 (0.7715)	SCL_Loss 0.8865 (0.8032)	Prec@1 84.375 (59.869)	loss 3.1876
Epoch: [176][0/49] 	Time 7.375 (7.375)	CE_Loss 0.2101 (0.2101)	SCL_Loss 0.8743 (0.8743)	Prec@1 0.000 (0.000)	loss 0.9449
Epoch: [176][34/49] 	Time 0.340 (0.520)	CE_Loss 0.2514 (0.9345)	SCL_Loss 0.8212 (0.7913)	Prec@1 92.969 (43.578)	loss 0.9955
Epoch: [177][0/49] 	Time 7.399 (7.399)	CE_Loss 0.1502 (0.1502)	SCL_Loss 0.6267 (0.6267)	Prec@1 0.000 (0.000)	loss 0.6764
Epoch: [177][34/49] 	Time 0.340 (0.604)	CE_Loss 1.5538 (0.5847)	SCL_Loss 0.8125 (0.7839)	Prec@1 91.797 (71.691)	loss 3.5951
Epoch: [178][0/49] 	Time 7.339 (7.339)	CE_Loss 0.1893 (0.1893)	SCL_Loss 0.7203 (0.7203)	Prec@1 0.000 (0.000)	loss 0.8109
Epoch: [178][34/49] 	Time 0.247 (0.560)	CE_Loss 1.4069 (0.5873)	SCL_Loss 0.6409 (0.7768)	Prec@1 92.578 (69.658)	loss 3.1983
Epoch: [179][0/49] 	Time 7.320 (7.320)	CE_Loss 0.1930 (0.1930)	SCL_Loss 0.7670 (0.7670)	Prec@1 0.000 (0.000)	loss 0.8461
Epoch: [179][34/49] 	Time 0.227 (0.452)	CE_Loss 1.2148 (0.6934)	SCL_Loss 0.6859 (0.7802)	Prec@1 8.203 (64.051)	loss 2.8411
Epoch: [180][0/49] 	Time 6.563 (6.563)	CE_Loss 1.4787 (1.4787)	SCL_Loss 0.8279 (0.8279)	Prec@1 0.000 (0.000)	loss 3.4543
Epoch: [180][34/49] 	Time 0.199 (0.465)	CE_Loss 1.3817 (0.7129)	SCL_Loss 0.7890 (0.7588)	Prec@1 88.672 (65.935)	loss 3.2368
Best Prec@1: 85.500, Many Prec@1: 0.840, Med Prec@1: 0.915, Few Prec@1: 0.000
Epoch: [181][0/49] 	Time 4.792 (4.792)	CE_Loss 0.1809 (0.1809)	SCL_Loss 0.8384 (0.8384)	Prec@1 0.000 (0.000)	loss 0.8648
Epoch: [181][34/49] 	Time 0.156 (0.350)	CE_Loss 0.2430 (0.5620)	SCL_Loss 0.8990 (0.7663)	Prec@1 90.625 (70.830)	loss 1.0254
Best Prec@1: 85.570, Many Prec@1: 0.841, Med Prec@1: 0.915, Few Prec@1: 0.000
Epoch: [182][0/49] 	Time 4.569 (4.569)	CE_Loss 0.2029 (0.2029)	SCL_Loss 0.6805 (0.6805)	Prec@1 0.000 (0.000)	loss 0.8142
Epoch: [182][34/49] 	Time 0.142 (0.348)	CE_Loss 0.1665 (0.5332)	SCL_Loss 0.7942 (0.7494)	Prec@1 93.359 (72.771)	loss 0.8095
Epoch: [183][0/49] 	Time 5.026 (5.026)	CE_Loss 0.1454 (0.1454)	SCL_Loss 0.7269 (0.7269)	Prec@1 0.000 (0.000)	loss 0.7269
Epoch: [183][34/49] 	Time 0.266 (0.370)	CE_Loss 1.1336 (0.5814)	SCL_Loss 0.7756 (0.7347)	Prec@1 91.797 (71.565)	loss 2.7326
Epoch: [184][0/49] 	Time 4.676 (4.676)	CE_Loss 0.1466 (0.1466)	SCL_Loss 0.7611 (0.7611)	Prec@1 0.000 (0.000)	loss 0.7499
Epoch: [184][34/49] 	Time 0.201 (0.419)	CE_Loss 0.2457 (0.7234)	SCL_Loss 0.6186 (0.7222)	Prec@1 7.422 (61.604)	loss 0.8625
Epoch: [185][0/49] 	Time 5.454 (5.454)	CE_Loss 1.4346 (1.4346)	SCL_Loss 0.7381 (0.7381)	Prec@1 0.000 (0.000)	loss 3.3122
Epoch: [185][34/49] 	Time 0.192 (0.442)	CE_Loss 0.1483 (0.6703)	SCL_Loss 0.7022 (0.7433)	Prec@1 92.578 (68.911)	loss 0.7180
Epoch: [186][0/49] 	Time 5.353 (5.353)	CE_Loss 1.4133 (1.4133)	SCL_Loss 0.7841 (0.7841)	Prec@1 0.000 (0.000)	loss 3.2971
Epoch: [186][34/49] 	Time 0.269 (0.445)	CE_Loss 0.1939 (0.5756)	SCL_Loss 0.7828 (0.7541)	Prec@1 93.359 (68.451)	loss 0.8576
Best Prec@1: 85.930, Many Prec@1: 0.848, Med Prec@1: 0.905, Few Prec@1: 0.000
Epoch: [187][0/49] 	Time 4.503 (4.503)	CE_Loss 1.4614 (1.4614)	SCL_Loss 0.9214 (0.9214)	Prec@1 0.000 (0.000)	loss 3.4756
Epoch: [187][34/49] 	Time 0.292 (0.435)	CE_Loss 1.3077 (0.7243)	SCL_Loss 0.7019 (0.7528)	Prec@1 91.797 (63.982)	loss 3.0365
Epoch: [188][0/49] 	Time 4.768 (4.768)	CE_Loss 1.5036 (1.5036)	SCL_Loss 0.8415 (0.8415)	Prec@1 0.000 (0.000)	loss 3.5122
Epoch: [188][34/49] 	Time 0.206 (0.455)	CE_Loss 0.2595 (0.6613)	SCL_Loss 0.7975 (0.7394)	Prec@1 16.406 (65.384)	loss 0.9974
Epoch: [189][0/49] 	Time 3.878 (3.878)	CE_Loss 1.4726 (1.4726)	SCL_Loss 0.7239 (0.7239)	Prec@1 0.000 (0.000)	loss 3.3796
Epoch: [189][34/49] 	Time 0.336 (0.450)	CE_Loss 0.1836 (0.8992)	SCL_Loss 0.8066 (0.7324)	Prec@1 79.688 (51.287)	loss 0.8512
Epoch: [190][0/49] 	Time 3.982 (3.982)	CE_Loss 1.1395 (1.1395)	SCL_Loss 0.7011 (0.7011)	Prec@1 0.000 (0.000)	loss 2.6996
Epoch: [190][34/49] 	Time 0.272 (0.418)	CE_Loss 0.7532 (0.7232)	SCL_Loss 0.8531 (0.7397)	Prec@1 14.844 (60.777)	loss 2.0183
Epoch: [191][0/49] 	Time 3.980 (3.980)	CE_Loss 0.8130 (0.8130)	SCL_Loss 0.7821 (0.7821)	Prec@1 0.000 (0.000)	loss 2.0951
Epoch: [191][34/49] 	Time 0.473 (0.415)	CE_Loss 0.1447 (0.6814)	SCL_Loss 0.6692 (0.7355)	Prec@1 6.250 (62.960)	loss 0.6909
Epoch: [192][0/49] 	Time 3.255 (3.255)	CE_Loss 0.4095 (0.4095)	SCL_Loss 0.7959 (0.7959)	Prec@1 0.000 (0.000)	loss 1.2965
Epoch: [192][34/49] 	Time 0.273 (0.375)	CE_Loss 1.2792 (0.8642)	SCL_Loss 0.7986 (0.7428)	Prec@1 94.141 (52.826)	loss 3.0375
Epoch: [193][0/49] 	Time 3.697 (3.697)	CE_Loss 0.1821 (0.1821)	SCL_Loss 0.8144 (0.8144)	Prec@1 0.000 (0.000)	loss 0.8528
Epoch: [193][34/49] 	Time 0.302 (0.382)	CE_Loss 0.1768 (0.5234)	SCL_Loss 0.6677 (0.7396)	Prec@1 92.578 (74.069)	loss 0.7542
Epoch: [194][0/49] 	Time 3.279 (3.279)	CE_Loss 0.2295 (0.2295)	SCL_Loss 0.8122 (0.8122)	Prec@1 0.000 (0.000)	loss 0.9462
Epoch: [194][34/49] 	Time 0.333 (0.356)	CE_Loss 1.2160 (0.5680)	SCL_Loss 0.7603 (0.7318)	Prec@1 53.516 (73.748)	loss 2.8881
Epoch: [195][0/49] 	Time 2.989 (2.989)	CE_Loss 0.1261 (0.1261)	SCL_Loss 0.8010 (0.8010)	Prec@1 0.000 (0.000)	loss 0.7328
Epoch: [195][34/49] 	Time 0.570 (0.510)	CE_Loss 0.6584 (0.6478)	SCL_Loss 0.6768 (0.7577)	Prec@1 92.188 (67.015)	loss 1.7229
Best Prec@1: 85.940, Many Prec@1: 0.850, Med Prec@1: 0.895, Few Prec@1: 0.000
Epoch: [196][0/49] 	Time 7.112 (7.112)	CE_Loss 1.2546 (1.2546)	SCL_Loss 0.7515 (0.7515)	Prec@1 0.000 (0.000)	loss 2.9601
Epoch: [196][34/49] 	Time 0.268 (0.636)	CE_Loss 0.7887 (0.7311)	SCL_Loss 0.7648 (0.7293)	Prec@1 19.531 (60.524)	loss 2.0364
Epoch: [197][0/49] 	Time 6.241 (6.241)	CE_Loss 0.1546 (0.1546)	SCL_Loss 0.6916 (0.6916)	Prec@1 0.000 (0.000)	loss 0.7241
Epoch: [197][34/49] 	Time 0.343 (1.169)	CE_Loss 0.1278 (0.6966)	SCL_Loss 0.6967 (0.7596)	Prec@1 76.953 (65.694)	loss 0.6736
Epoch: [198][0/49] 	Time 5.776 (5.776)	CE_Loss 0.1754 (0.1754)	SCL_Loss 0.7376 (0.7376)	Prec@1 0.000 (0.000)	loss 0.7932
Epoch: [198][34/49] 	Time 0.315 (0.605)	CE_Loss 0.1826 (0.6108)	SCL_Loss 0.7960 (0.7450)	Prec@1 32.812 (68.693)	loss 0.8428
Epoch: [199][0/49] 	Time 11.553 (11.553)	CE_Loss 0.1695 (0.1695)	SCL_Loss 0.7964 (0.7964)	Prec@1 0.000 (0.000)	loss 0.8169
Epoch: [199][34/49] 	Time 0.284 (1.106)	CE_Loss 1.4924 (0.7124)	SCL_Loss 0.7937 (0.7285)	Prec@1 92.578 (67.027)	loss 3.4611
